[PID 285744] [2025-03-03T11:03:02.001Z] Backoffice-API [31mERROR[39m: uncaughtException: Cannot find module '../../helpers/response.helpers.js'
Require stack:
- /home/gs/Documents/projects/social-media/backend/src/rest-resources/controllers/user.controller.js
- /home/gs/Documents/projects/social-media/backend/src/rest-resources/routes/api/v1/user.route.js
- /home/gs/Documents/projects/social-media/backend/src/rest-resources/routes/api/v1/index.js
- /home/gs/Documents/projects/social-media/backend/src/rest-resources/routes/api/index.js
- /home/gs/Documents/projects/social-media/backend/src/rest-resources/routes/index.js
- /home/gs/Documents/projects/social-media/backend/src/rest-resources/index.js
- /home/gs/Documents/projects/social-media/backend/index.js
Error: Cannot find module '../../helpers/response.helpers.js'
Require stack:
- /home/gs/Documents/projects/social-media/backend/src/rest-resources/controllers/user.controller.js
- /home/gs/Documents/projects/social-media/backend/src/rest-resources/routes/api/v1/user.route.js
- /home/gs/Documents/projects/social-media/backend/src/rest-resources/routes/api/v1/index.js
- /home/gs/Documents/projects/social-media/backend/src/rest-resources/routes/api/index.js
- /home/gs/Documents/projects/social-media/backend/src/rest-resources/routes/index.js
- /home/gs/Documents/projects/social-media/backend/src/rest-resources/index.js
- /home/gs/Documents/projects/social-media/backend/index.js
    at Function._resolveFilename (node:internal/modules/cjs/loader:1249:15)
    at Function._load (node:internal/modules/cjs/loader:1075:27)
    at TracingChannel.traceSync (node:diagnostics_channel:315:14)
    at wrapModuleLoad (node:internal/modules/cjs/loader:218:24)
    at Module.require (node:internal/modules/cjs/loader:1340:12)
    at require (node:internal/modules/helpers:141:16)
    at Object.<anonymous> (/home/gs/Documents/projects/social-media/backend/src/rest-resources/controllers/user.controller.js:1:1)
    at Module._compile (node:internal/modules/cjs/loader:1546:14)
    at Module._compile (/home/gs/Documents/projects/social-media/backend/node_modules/pirates/lib/index.js:117:24)
    at node:internal/modules/cjs/loader:1689:10
    at Object.newLoader [as .js] (/home/gs/Documents/projects/social-media/backend/node_modules/pirates/lib/index.js:121:7)
    at Module.load (node:internal/modules/cjs/loader:1318:32)
    at Function._load (node:internal/modules/cjs/loader:1128:12)
    at TracingChannel.traceSync (node:diagnostics_channel:315:14)
    at wrapModuleLoad (node:internal/modules/cjs/loader:218:24)
    at Module.require (node:internal/modules/cjs/loader:1340:12)
    at require (node:internal/modules/helpers:141:16)
    at Object.<anonymous> (/home/gs/Documents/projects/social-media/backend/src/rest-resources/routes/api/v1/user.route.js:2:1)
    at Module._compile (node:internal/modules/cjs/loader:1546:14)
    at Module._compile (/home/gs/Documents/projects/social-media/backend/node_modules/pirates/lib/index.js:117:24)
    at node:internal/modules/cjs/loader:1689:10
    at Object.newLoader [as .js] (/home/gs/Documents/projects/social-media/backend/node_modules/pirates/lib/index.js:121:7)
    at Module.load (node:internal/modules/cjs/loader:1318:32)
    at Function._load (node:internal/modules/cjs/loader:1128:12)
    at TracingChannel.traceSync (node:diagnostics_channel:315:14)
    at wrapModuleLoad (node:internal/modules/cjs/loader:218:24)
    at Module.require (node:internal/modules/cjs/loader:1340:12)
    at require (node:internal/modules/helpers:141:16)
    at Object.<anonymous> (/home/gs/Documents/projects/social-media/backend/src/rest-resources/routes/api/v1/index.js:2:1)
    at Module._compile (node:internal/modules/cjs/loader:1546:14)
    at Module._compile (/home/gs/Documents/projects/social-media/backend/node_modules/pirates/lib/index.js:117:24)
    at node:internal/modules/cjs/loader:1689:10
    at Object.newLoader [as .js] (/home/gs/Documents/projects/social-media/backend/node_modules/pirates/lib/index.js:121:7)
    at Module.load (node:internal/modules/cjs/loader:1318:32)
    at Function._load (node:internal/modules/cjs/loader:1128:12)
    at TracingChannel.traceSync (node:diagnostics_channel:315:14)
    at wrapModuleLoad (node:internal/modules/cjs/loader:218:24)
    at Module.require (node:internal/modules/cjs/loader:1340:12)
    at require (node:internal/modules/helpers:141:16)
    at Object.<anonymous> (/home/gs/Documents/projects/social-media/backend/src/rest-resources/routes/api/index.js:2:1)
    at Module._compile (node:internal/modules/cjs/loader:1546:14)
    at Module._compile (/home/gs/Documents/projects/social-media/backend/node_modules/pirates/lib/index.js:117:24)
    at node:internal/modules/cjs/loader:1689:10
    at Object.newLoader [as .js] (/home/gs/Documents/projects/social-media/backend/node_modules/pirates/lib/index.js:121:7)
    at Module.load (node:internal/modules/cjs/loader:1318:32)
    at Function._load (node:internal/modules/cjs/loader:1128:12)
    at TracingChannel.traceSync (node:diagnostics_channel:315:14)
    at wrapModuleLoad (node:internal/modules/cjs/loader:218:24)
    at Module.require (node:internal/modules/cjs/loader:1340:12)
    at require (node:internal/modules/helpers:141:16)
[PID 7176] [2025-03-03T11:06:16.956Z] Backoffice-API [31mERROR[39m: uncaughtException: Cannot find module '../../helpers/response.helpers.js'
Require stack:
- /home/gs/Documents/projects/social-media/backend/src/rest-resources/controllers/user.controller.js
- /home/gs/Documents/projects/social-media/backend/src/rest-resources/routes/api/v1/user.route.js
- /home/gs/Documents/projects/social-media/backend/src/rest-resources/routes/api/v1/index.js
- /home/gs/Documents/projects/social-media/backend/src/rest-resources/routes/api/index.js
- /home/gs/Documents/projects/social-media/backend/src/rest-resources/routes/index.js
- /home/gs/Documents/projects/social-media/backend/src/rest-resources/index.js
- /home/gs/Documents/projects/social-media/backend/index.js
Error: Cannot find module '../../helpers/response.helpers.js'
Require stack:
- /home/gs/Documents/projects/social-media/backend/src/rest-resources/controllers/user.controller.js
- /home/gs/Documents/projects/social-media/backend/src/rest-resources/routes/api/v1/user.route.js
- /home/gs/Documents/projects/social-media/backend/src/rest-resources/routes/api/v1/index.js
- /home/gs/Documents/projects/social-media/backend/src/rest-resources/routes/api/index.js
- /home/gs/Documents/projects/social-media/backend/src/rest-resources/routes/index.js
- /home/gs/Documents/projects/social-media/backend/src/rest-resources/index.js
- /home/gs/Documents/projects/social-media/backend/index.js
    at Function._resolveFilename (node:internal/modules/cjs/loader:1249:15)
    at Function._load (node:internal/modules/cjs/loader:1075:27)
    at TracingChannel.traceSync (node:diagnostics_channel:315:14)
    at wrapModuleLoad (node:internal/modules/cjs/loader:218:24)
    at Module.require (node:internal/modules/cjs/loader:1340:12)
    at require (node:internal/modules/helpers:141:16)
    at Object.<anonymous> (/home/gs/Documents/projects/social-media/backend/src/rest-resources/controllers/user.controller.js:1:1)
    at Module._compile (node:internal/modules/cjs/loader:1546:14)
    at Module._compile (/home/gs/Documents/projects/social-media/backend/node_modules/pirates/lib/index.js:117:24)
    at node:internal/modules/cjs/loader:1689:10
    at Object.newLoader [as .js] (/home/gs/Documents/projects/social-media/backend/node_modules/pirates/lib/index.js:121:7)
    at Module.load (node:internal/modules/cjs/loader:1318:32)
    at Function._load (node:internal/modules/cjs/loader:1128:12)
    at TracingChannel.traceSync (node:diagnostics_channel:315:14)
    at wrapModuleLoad (node:internal/modules/cjs/loader:218:24)
    at Module.require (node:internal/modules/cjs/loader:1340:12)
    at require (node:internal/modules/helpers:141:16)
    at Object.<anonymous> (/home/gs/Documents/projects/social-media/backend/src/rest-resources/routes/api/v1/user.route.js:2:1)
    at Module._compile (node:internal/modules/cjs/loader:1546:14)
    at Module._compile (/home/gs/Documents/projects/social-media/backend/node_modules/pirates/lib/index.js:117:24)
    at node:internal/modules/cjs/loader:1689:10
    at Object.newLoader [as .js] (/home/gs/Documents/projects/social-media/backend/node_modules/pirates/lib/index.js:121:7)
    at Module.load (node:internal/modules/cjs/loader:1318:32)
    at Function._load (node:internal/modules/cjs/loader:1128:12)
    at TracingChannel.traceSync (node:diagnostics_channel:315:14)
    at wrapModuleLoad (node:internal/modules/cjs/loader:218:24)
    at Module.require (node:internal/modules/cjs/loader:1340:12)
    at require (node:internal/modules/helpers:141:16)
    at Object.<anonymous> (/home/gs/Documents/projects/social-media/backend/src/rest-resources/routes/api/v1/index.js:2:1)
    at Module._compile (node:internal/modules/cjs/loader:1546:14)
    at Module._compile (/home/gs/Documents/projects/social-media/backend/node_modules/pirates/lib/index.js:117:24)
    at node:internal/modules/cjs/loader:1689:10
    at Object.newLoader [as .js] (/home/gs/Documents/projects/social-media/backend/node_modules/pirates/lib/index.js:121:7)
    at Module.load (node:internal/modules/cjs/loader:1318:32)
    at Function._load (node:internal/modules/cjs/loader:1128:12)
    at TracingChannel.traceSync (node:diagnostics_channel:315:14)
    at wrapModuleLoad (node:internal/modules/cjs/loader:218:24)
    at Module.require (node:internal/modules/cjs/loader:1340:12)
    at require (node:internal/modules/helpers:141:16)
    at Object.<anonymous> (/home/gs/Documents/projects/social-media/backend/src/rest-resources/routes/api/index.js:2:1)
    at Module._compile (node:internal/modules/cjs/loader:1546:14)
    at Module._compile (/home/gs/Documents/projects/social-media/backend/node_modules/pirates/lib/index.js:117:24)
    at node:internal/modules/cjs/loader:1689:10
    at Object.newLoader [as .js] (/home/gs/Documents/projects/social-media/backend/node_modules/pirates/lib/index.js:121:7)
    at Module.load (node:internal/modules/cjs/loader:1318:32)
    at Function._load (node:internal/modules/cjs/loader:1128:12)
    at TracingChannel.traceSync (node:diagnostics_channel:315:14)
    at wrapModuleLoad (node:internal/modules/cjs/loader:218:24)
    at Module.require (node:internal/modules/cjs/loader:1340:12)
    at require (node:internal/modules/helpers:141:16)
[PID 8819] [2025-03-03T11:07:55.637Z] Backoffice-API [31mERROR[39m: uncaughtException: Cannot find module '../../helpers'
Require stack:
- /home/gs/Documents/projects/social-media/backend/src/rest-resources/controllers/user.controller.js
- /home/gs/Documents/projects/social-media/backend/src/rest-resources/routes/api/v1/user.route.js
- /home/gs/Documents/projects/social-media/backend/src/rest-resources/routes/api/v1/index.js
- /home/gs/Documents/projects/social-media/backend/src/rest-resources/routes/api/index.js
- /home/gs/Documents/projects/social-media/backend/src/rest-resources/routes/index.js
- /home/gs/Documents/projects/social-media/backend/src/rest-resources/index.js
- /home/gs/Documents/projects/social-media/backend/index.js
Error: Cannot find module '../../helpers'
Require stack:
- /home/gs/Documents/projects/social-media/backend/src/rest-resources/controllers/user.controller.js
- /home/gs/Documents/projects/social-media/backend/src/rest-resources/routes/api/v1/user.route.js
- /home/gs/Documents/projects/social-media/backend/src/rest-resources/routes/api/v1/index.js
- /home/gs/Documents/projects/social-media/backend/src/rest-resources/routes/api/index.js
- /home/gs/Documents/projects/social-media/backend/src/rest-resources/routes/index.js
- /home/gs/Documents/projects/social-media/backend/src/rest-resources/index.js
- /home/gs/Documents/projects/social-media/backend/index.js
    at Function._resolveFilename (node:internal/modules/cjs/loader:1249:15)
    at Function._load (node:internal/modules/cjs/loader:1075:27)
    at TracingChannel.traceSync (node:diagnostics_channel:315:14)
    at wrapModuleLoad (node:internal/modules/cjs/loader:218:24)
    at Module.require (node:internal/modules/cjs/loader:1340:12)
    at require (node:internal/modules/helpers:141:16)
    at Object.<anonymous> (/home/gs/Documents/projects/social-media/backend/src/rest-resources/controllers/user.controller.js:1:1)
    at Module._compile (node:internal/modules/cjs/loader:1546:14)
    at Module._compile (/home/gs/Documents/projects/social-media/backend/node_modules/pirates/lib/index.js:117:24)
    at node:internal/modules/cjs/loader:1689:10
    at Object.newLoader [as .js] (/home/gs/Documents/projects/social-media/backend/node_modules/pirates/lib/index.js:121:7)
    at Module.load (node:internal/modules/cjs/loader:1318:32)
    at Function._load (node:internal/modules/cjs/loader:1128:12)
    at TracingChannel.traceSync (node:diagnostics_channel:315:14)
    at wrapModuleLoad (node:internal/modules/cjs/loader:218:24)
    at Module.require (node:internal/modules/cjs/loader:1340:12)
    at require (node:internal/modules/helpers:141:16)
    at Object.<anonymous> (/home/gs/Documents/projects/social-media/backend/src/rest-resources/routes/api/v1/user.route.js:2:1)
    at Module._compile (node:internal/modules/cjs/loader:1546:14)
    at Module._compile (/home/gs/Documents/projects/social-media/backend/node_modules/pirates/lib/index.js:117:24)
    at node:internal/modules/cjs/loader:1689:10
    at Object.newLoader [as .js] (/home/gs/Documents/projects/social-media/backend/node_modules/pirates/lib/index.js:121:7)
    at Module.load (node:internal/modules/cjs/loader:1318:32)
    at Function._load (node:internal/modules/cjs/loader:1128:12)
    at TracingChannel.traceSync (node:diagnostics_channel:315:14)
    at wrapModuleLoad (node:internal/modules/cjs/loader:218:24)
    at Module.require (node:internal/modules/cjs/loader:1340:12)
    at require (node:internal/modules/helpers:141:16)
    at Object.<anonymous> (/home/gs/Documents/projects/social-media/backend/src/rest-resources/routes/api/v1/index.js:2:1)
    at Module._compile (node:internal/modules/cjs/loader:1546:14)
    at Module._compile (/home/gs/Documents/projects/social-media/backend/node_modules/pirates/lib/index.js:117:24)
    at node:internal/modules/cjs/loader:1689:10
    at Object.newLoader [as .js] (/home/gs/Documents/projects/social-media/backend/node_modules/pirates/lib/index.js:121:7)
    at Module.load (node:internal/modules/cjs/loader:1318:32)
    at Function._load (node:internal/modules/cjs/loader:1128:12)
    at TracingChannel.traceSync (node:diagnostics_channel:315:14)
    at wrapModuleLoad (node:internal/modules/cjs/loader:218:24)
    at Module.require (node:internal/modules/cjs/loader:1340:12)
    at require (node:internal/modules/helpers:141:16)
    at Object.<anonymous> (/home/gs/Documents/projects/social-media/backend/src/rest-resources/routes/api/index.js:2:1)
    at Module._compile (node:internal/modules/cjs/loader:1546:14)
    at Module._compile (/home/gs/Documents/projects/social-media/backend/node_modules/pirates/lib/index.js:117:24)
    at node:internal/modules/cjs/loader:1689:10
    at Object.newLoader [as .js] (/home/gs/Documents/projects/social-media/backend/node_modules/pirates/lib/index.js:121:7)
    at Module.load (node:internal/modules/cjs/loader:1318:32)
    at Function._load (node:internal/modules/cjs/loader:1128:12)
    at TracingChannel.traceSync (node:diagnostics_channel:315:14)
    at wrapModuleLoad (node:internal/modules/cjs/loader:218:24)
    at Module.require (node:internal/modules/cjs/loader:1340:12)
    at require (node:internal/modules/helpers:141:16)
[PID 8861] [2025-03-03T11:07:56.860Z] Backoffice-API [31mERROR[39m: uncaughtException: Cannot find module '../../helpers/'
Require stack:
- /home/gs/Documents/projects/social-media/backend/src/rest-resources/controllers/user.controller.js
- /home/gs/Documents/projects/social-media/backend/src/rest-resources/routes/api/v1/user.route.js
- /home/gs/Documents/projects/social-media/backend/src/rest-resources/routes/api/v1/index.js
- /home/gs/Documents/projects/social-media/backend/src/rest-resources/routes/api/index.js
- /home/gs/Documents/projects/social-media/backend/src/rest-resources/routes/index.js
- /home/gs/Documents/projects/social-media/backend/src/rest-resources/index.js
- /home/gs/Documents/projects/social-media/backend/index.js
Error: Cannot find module '../../helpers/'
Require stack:
- /home/gs/Documents/projects/social-media/backend/src/rest-resources/controllers/user.controller.js
- /home/gs/Documents/projects/social-media/backend/src/rest-resources/routes/api/v1/user.route.js
- /home/gs/Documents/projects/social-media/backend/src/rest-resources/routes/api/v1/index.js
- /home/gs/Documents/projects/social-media/backend/src/rest-resources/routes/api/index.js
- /home/gs/Documents/projects/social-media/backend/src/rest-resources/routes/index.js
- /home/gs/Documents/projects/social-media/backend/src/rest-resources/index.js
- /home/gs/Documents/projects/social-media/backend/index.js
    at Function._resolveFilename (node:internal/modules/cjs/loader:1249:15)
    at Function._load (node:internal/modules/cjs/loader:1075:27)
    at TracingChannel.traceSync (node:diagnostics_channel:315:14)
    at wrapModuleLoad (node:internal/modules/cjs/loader:218:24)
    at Module.require (node:internal/modules/cjs/loader:1340:12)
    at require (node:internal/modules/helpers:141:16)
    at Object.<anonymous> (/home/gs/Documents/projects/social-media/backend/src/rest-resources/controllers/user.controller.js:1:1)
    at Module._compile (node:internal/modules/cjs/loader:1546:14)
    at Module._compile (/home/gs/Documents/projects/social-media/backend/node_modules/pirates/lib/index.js:117:24)
    at node:internal/modules/cjs/loader:1689:10
    at Object.newLoader [as .js] (/home/gs/Documents/projects/social-media/backend/node_modules/pirates/lib/index.js:121:7)
    at Module.load (node:internal/modules/cjs/loader:1318:32)
    at Function._load (node:internal/modules/cjs/loader:1128:12)
    at TracingChannel.traceSync (node:diagnostics_channel:315:14)
    at wrapModuleLoad (node:internal/modules/cjs/loader:218:24)
    at Module.require (node:internal/modules/cjs/loader:1340:12)
    at require (node:internal/modules/helpers:141:16)
    at Object.<anonymous> (/home/gs/Documents/projects/social-media/backend/src/rest-resources/routes/api/v1/user.route.js:2:1)
    at Module._compile (node:internal/modules/cjs/loader:1546:14)
    at Module._compile (/home/gs/Documents/projects/social-media/backend/node_modules/pirates/lib/index.js:117:24)
    at node:internal/modules/cjs/loader:1689:10
    at Object.newLoader [as .js] (/home/gs/Documents/projects/social-media/backend/node_modules/pirates/lib/index.js:121:7)
    at Module.load (node:internal/modules/cjs/loader:1318:32)
    at Function._load (node:internal/modules/cjs/loader:1128:12)
    at TracingChannel.traceSync (node:diagnostics_channel:315:14)
    at wrapModuleLoad (node:internal/modules/cjs/loader:218:24)
    at Module.require (node:internal/modules/cjs/loader:1340:12)
    at require (node:internal/modules/helpers:141:16)
    at Object.<anonymous> (/home/gs/Documents/projects/social-media/backend/src/rest-resources/routes/api/v1/index.js:2:1)
    at Module._compile (node:internal/modules/cjs/loader:1546:14)
    at Module._compile (/home/gs/Documents/projects/social-media/backend/node_modules/pirates/lib/index.js:117:24)
    at node:internal/modules/cjs/loader:1689:10
    at Object.newLoader [as .js] (/home/gs/Documents/projects/social-media/backend/node_modules/pirates/lib/index.js:121:7)
    at Module.load (node:internal/modules/cjs/loader:1318:32)
    at Function._load (node:internal/modules/cjs/loader:1128:12)
    at TracingChannel.traceSync (node:diagnostics_channel:315:14)
    at wrapModuleLoad (node:internal/modules/cjs/loader:218:24)
    at Module.require (node:internal/modules/cjs/loader:1340:12)
    at require (node:internal/modules/helpers:141:16)
    at Object.<anonymous> (/home/gs/Documents/projects/social-media/backend/src/rest-resources/routes/api/index.js:2:1)
    at Module._compile (node:internal/modules/cjs/loader:1546:14)
    at Module._compile (/home/gs/Documents/projects/social-media/backend/node_modules/pirates/lib/index.js:117:24)
    at node:internal/modules/cjs/loader:1689:10
    at Object.newLoader [as .js] (/home/gs/Documents/projects/social-media/backend/node_modules/pirates/lib/index.js:121:7)
    at Module.load (node:internal/modules/cjs/loader:1318:32)
    at Function._load (node:internal/modules/cjs/loader:1128:12)
    at TracingChannel.traceSync (node:diagnostics_channel:315:14)
    at wrapModuleLoad (node:internal/modules/cjs/loader:218:24)
    at Module.require (node:internal/modules/cjs/loader:1340:12)
    at require (node:internal/modules/helpers:141:16)
[PID 8932] [2025-03-03T11:08:00.170Z] Backoffice-API [31mERROR[39m: uncaughtException: Cannot find module '../../helpers'
Require stack:
- /home/gs/Documents/projects/social-media/backend/src/rest-resources/controllers/user.controller.js
- /home/gs/Documents/projects/social-media/backend/src/rest-resources/routes/api/v1/user.route.js
- /home/gs/Documents/projects/social-media/backend/src/rest-resources/routes/api/v1/index.js
- /home/gs/Documents/projects/social-media/backend/src/rest-resources/routes/api/index.js
- /home/gs/Documents/projects/social-media/backend/src/rest-resources/routes/index.js
- /home/gs/Documents/projects/social-media/backend/src/rest-resources/index.js
- /home/gs/Documents/projects/social-media/backend/index.js
Error: Cannot find module '../../helpers'
Require stack:
- /home/gs/Documents/projects/social-media/backend/src/rest-resources/controllers/user.controller.js
- /home/gs/Documents/projects/social-media/backend/src/rest-resources/routes/api/v1/user.route.js
- /home/gs/Documents/projects/social-media/backend/src/rest-resources/routes/api/v1/index.js
- /home/gs/Documents/projects/social-media/backend/src/rest-resources/routes/api/index.js
- /home/gs/Documents/projects/social-media/backend/src/rest-resources/routes/index.js
- /home/gs/Documents/projects/social-media/backend/src/rest-resources/index.js
- /home/gs/Documents/projects/social-media/backend/index.js
    at Function._resolveFilename (node:internal/modules/cjs/loader:1249:15)
    at Function._load (node:internal/modules/cjs/loader:1075:27)
    at TracingChannel.traceSync (node:diagnostics_channel:315:14)
    at wrapModuleLoad (node:internal/modules/cjs/loader:218:24)
    at Module.require (node:internal/modules/cjs/loader:1340:12)
    at require (node:internal/modules/helpers:141:16)
    at Object.<anonymous> (/home/gs/Documents/projects/social-media/backend/src/rest-resources/controllers/user.controller.js:1:1)
    at Module._compile (node:internal/modules/cjs/loader:1546:14)
    at Module._compile (/home/gs/Documents/projects/social-media/backend/node_modules/pirates/lib/index.js:117:24)
    at node:internal/modules/cjs/loader:1689:10
    at Object.newLoader [as .js] (/home/gs/Documents/projects/social-media/backend/node_modules/pirates/lib/index.js:121:7)
    at Module.load (node:internal/modules/cjs/loader:1318:32)
    at Function._load (node:internal/modules/cjs/loader:1128:12)
    at TracingChannel.traceSync (node:diagnostics_channel:315:14)
    at wrapModuleLoad (node:internal/modules/cjs/loader:218:24)
    at Module.require (node:internal/modules/cjs/loader:1340:12)
    at require (node:internal/modules/helpers:141:16)
    at Object.<anonymous> (/home/gs/Documents/projects/social-media/backend/src/rest-resources/routes/api/v1/user.route.js:2:1)
    at Module._compile (node:internal/modules/cjs/loader:1546:14)
    at Module._compile (/home/gs/Documents/projects/social-media/backend/node_modules/pirates/lib/index.js:117:24)
    at node:internal/modules/cjs/loader:1689:10
    at Object.newLoader [as .js] (/home/gs/Documents/projects/social-media/backend/node_modules/pirates/lib/index.js:121:7)
    at Module.load (node:internal/modules/cjs/loader:1318:32)
    at Function._load (node:internal/modules/cjs/loader:1128:12)
    at TracingChannel.traceSync (node:diagnostics_channel:315:14)
    at wrapModuleLoad (node:internal/modules/cjs/loader:218:24)
    at Module.require (node:internal/modules/cjs/loader:1340:12)
    at require (node:internal/modules/helpers:141:16)
    at Object.<anonymous> (/home/gs/Documents/projects/social-media/backend/src/rest-resources/routes/api/v1/index.js:2:1)
    at Module._compile (node:internal/modules/cjs/loader:1546:14)
    at Module._compile (/home/gs/Documents/projects/social-media/backend/node_modules/pirates/lib/index.js:117:24)
    at node:internal/modules/cjs/loader:1689:10
    at Object.newLoader [as .js] (/home/gs/Documents/projects/social-media/backend/node_modules/pirates/lib/index.js:121:7)
    at Module.load (node:internal/modules/cjs/loader:1318:32)
    at Function._load (node:internal/modules/cjs/loader:1128:12)
    at TracingChannel.traceSync (node:diagnostics_channel:315:14)
    at wrapModuleLoad (node:internal/modules/cjs/loader:218:24)
    at Module.require (node:internal/modules/cjs/loader:1340:12)
    at require (node:internal/modules/helpers:141:16)
    at Object.<anonymous> (/home/gs/Documents/projects/social-media/backend/src/rest-resources/routes/api/index.js:2:1)
    at Module._compile (node:internal/modules/cjs/loader:1546:14)
    at Module._compile (/home/gs/Documents/projects/social-media/backend/node_modules/pirates/lib/index.js:117:24)
    at node:internal/modules/cjs/loader:1689:10
    at Object.newLoader [as .js] (/home/gs/Documents/projects/social-media/backend/node_modules/pirates/lib/index.js:121:7)
    at Module.load (node:internal/modules/cjs/loader:1318:32)
    at Function._load (node:internal/modules/cjs/loader:1128:12)
    at TracingChannel.traceSync (node:diagnostics_channel:315:14)
    at wrapModuleLoad (node:internal/modules/cjs/loader:218:24)
    at Module.require (node:internal/modules/cjs/loader:1340:12)
    at require (node:internal/modules/helpers:141:16)
[PID 9011] [2025-03-03T11:08:03.496Z] Backoffice-API [31mERROR[39m: uncaughtException: Cannot find module '../../helpers/response.helpers.js'
Require stack:
- /home/gs/Documents/projects/social-media/backend/src/rest-resources/controllers/auth.controller.js
- /home/gs/Documents/projects/social-media/backend/src/rest-resources/routes/api/v1/auth.route.js
- /home/gs/Documents/projects/social-media/backend/src/rest-resources/routes/api/v1/index.js
- /home/gs/Documents/projects/social-media/backend/src/rest-resources/routes/api/index.js
- /home/gs/Documents/projects/social-media/backend/src/rest-resources/routes/index.js
- /home/gs/Documents/projects/social-media/backend/src/rest-resources/index.js
- /home/gs/Documents/projects/social-media/backend/index.js
Error: Cannot find module '../../helpers/response.helpers.js'
Require stack:
- /home/gs/Documents/projects/social-media/backend/src/rest-resources/controllers/auth.controller.js
- /home/gs/Documents/projects/social-media/backend/src/rest-resources/routes/api/v1/auth.route.js
- /home/gs/Documents/projects/social-media/backend/src/rest-resources/routes/api/v1/index.js
- /home/gs/Documents/projects/social-media/backend/src/rest-resources/routes/api/index.js
- /home/gs/Documents/projects/social-media/backend/src/rest-resources/routes/index.js
- /home/gs/Documents/projects/social-media/backend/src/rest-resources/index.js
- /home/gs/Documents/projects/social-media/backend/index.js
    at Function._resolveFilename (node:internal/modules/cjs/loader:1249:15)
    at Function._load (node:internal/modules/cjs/loader:1075:27)
    at TracingChannel.traceSync (node:diagnostics_channel:315:14)
    at wrapModuleLoad (node:internal/modules/cjs/loader:218:24)
    at Module.require (node:internal/modules/cjs/loader:1340:12)
    at require (node:internal/modules/helpers:141:16)
    at Object.<anonymous> (/home/gs/Documents/projects/social-media/backend/src/rest-resources/controllers/auth.controller.js:1:1)
    at Module._compile (node:internal/modules/cjs/loader:1546:14)
    at Module._compile (/home/gs/Documents/projects/social-media/backend/node_modules/pirates/lib/index.js:117:24)
    at node:internal/modules/cjs/loader:1689:10
    at Object.newLoader [as .js] (/home/gs/Documents/projects/social-media/backend/node_modules/pirates/lib/index.js:121:7)
    at Module.load (node:internal/modules/cjs/loader:1318:32)
    at Function._load (node:internal/modules/cjs/loader:1128:12)
    at TracingChannel.traceSync (node:diagnostics_channel:315:14)
    at wrapModuleLoad (node:internal/modules/cjs/loader:218:24)
    at Module.require (node:internal/modules/cjs/loader:1340:12)
    at require (node:internal/modules/helpers:141:16)
    at Object.<anonymous> (/home/gs/Documents/projects/social-media/backend/src/rest-resources/routes/api/v1/auth.route.js:2:1)
    at Module._compile (node:internal/modules/cjs/loader:1546:14)
    at Module._compile (/home/gs/Documents/projects/social-media/backend/node_modules/pirates/lib/index.js:117:24)
    at node:internal/modules/cjs/loader:1689:10
    at Object.newLoader [as .js] (/home/gs/Documents/projects/social-media/backend/node_modules/pirates/lib/index.js:121:7)
    at Module.load (node:internal/modules/cjs/loader:1318:32)
    at Function._load (node:internal/modules/cjs/loader:1128:12)
    at TracingChannel.traceSync (node:diagnostics_channel:315:14)
    at wrapModuleLoad (node:internal/modules/cjs/loader:218:24)
    at Module.require (node:internal/modules/cjs/loader:1340:12)
    at require (node:internal/modules/helpers:141:16)
    at Object.<anonymous> (/home/gs/Documents/projects/social-media/backend/src/rest-resources/routes/api/v1/index.js:3:1)
    at Module._compile (node:internal/modules/cjs/loader:1546:14)
    at Module._compile (/home/gs/Documents/projects/social-media/backend/node_modules/pirates/lib/index.js:117:24)
    at node:internal/modules/cjs/loader:1689:10
    at Object.newLoader [as .js] (/home/gs/Documents/projects/social-media/backend/node_modules/pirates/lib/index.js:121:7)
    at Module.load (node:internal/modules/cjs/loader:1318:32)
    at Function._load (node:internal/modules/cjs/loader:1128:12)
    at TracingChannel.traceSync (node:diagnostics_channel:315:14)
    at wrapModuleLoad (node:internal/modules/cjs/loader:218:24)
    at Module.require (node:internal/modules/cjs/loader:1340:12)
    at require (node:internal/modules/helpers:141:16)
    at Object.<anonymous> (/home/gs/Documents/projects/social-media/backend/src/rest-resources/routes/api/index.js:2:1)
    at Module._compile (node:internal/modules/cjs/loader:1546:14)
    at Module._compile (/home/gs/Documents/projects/social-media/backend/node_modules/pirates/lib/index.js:117:24)
    at node:internal/modules/cjs/loader:1689:10
    at Object.newLoader [as .js] (/home/gs/Documents/projects/social-media/backend/node_modules/pirates/lib/index.js:121:7)
    at Module.load (node:internal/modules/cjs/loader:1318:32)
    at Function._load (node:internal/modules/cjs/loader:1128:12)
    at TracingChannel.traceSync (node:diagnostics_channel:315:14)
    at wrapModuleLoad (node:internal/modules/cjs/loader:218:24)
    at Module.require (node:internal/modules/cjs/loader:1340:12)
    at require (node:internal/modules/helpers:141:16)
[PID 9893] [2025-03-03T11:09:00.045Z] Backoffice-API [32mINFO[39m: Server Started  Message: Listening on 3000 
[PID 9893] [2025-03-03T11:09:02.038Z] Backoffice-API [32mINFO[39m: Shutting down server Message: Received SIGUSR2 
[PID 9984] [2025-03-03T11:09:02.785Z] Backoffice-API [31mERROR[39m: uncaughtException: Cannot find module '../utils/error.utils'
Require stack:
- /home/gs/Documents/projects/social-media/backend/src/helpers/response.helpers.js
- /home/gs/Documents/projects/social-media/backend/src/rest-resources/controllers/auth.controller.js
- /home/gs/Documents/projects/social-media/backend/src/rest-resources/routes/api/v1/auth.route.js
- /home/gs/Documents/projects/social-media/backend/src/rest-resources/routes/api/v1/index.js
- /home/gs/Documents/projects/social-media/backend/src/rest-resources/routes/api/index.js
- /home/gs/Documents/projects/social-media/backend/src/rest-resources/routes/index.js
- /home/gs/Documents/projects/social-media/backend/src/rest-resources/index.js
- /home/gs/Documents/projects/social-media/backend/index.js
Error: Cannot find module '../utils/error.utils'
Require stack:
- /home/gs/Documents/projects/social-media/backend/src/helpers/response.helpers.js
- /home/gs/Documents/projects/social-media/backend/src/rest-resources/controllers/auth.controller.js
- /home/gs/Documents/projects/social-media/backend/src/rest-resources/routes/api/v1/auth.route.js
- /home/gs/Documents/projects/social-media/backend/src/rest-resources/routes/api/v1/index.js
- /home/gs/Documents/projects/social-media/backend/src/rest-resources/routes/api/index.js
- /home/gs/Documents/projects/social-media/backend/src/rest-resources/routes/index.js
- /home/gs/Documents/projects/social-media/backend/src/rest-resources/index.js
- /home/gs/Documents/projects/social-media/backend/index.js
    at Function._resolveFilename (node:internal/modules/cjs/loader:1249:15)
    at Function._load (node:internal/modules/cjs/loader:1075:27)
    at TracingChannel.traceSync (node:diagnostics_channel:315:14)
    at wrapModuleLoad (node:internal/modules/cjs/loader:218:24)
    at Module.require (node:internal/modules/cjs/loader:1340:12)
    at require (node:internal/modules/helpers:141:16)
    at Object.<anonymous> (/home/gs/Documents/projects/social-media/backend/src/helpers/response.helpers.js:4:1)
    at Module._compile (node:internal/modules/cjs/loader:1546:14)
    at Module._compile (/home/gs/Documents/projects/social-media/backend/node_modules/pirates/lib/index.js:117:24)
    at node:internal/modules/cjs/loader:1689:10
    at Object.newLoader [as .js] (/home/gs/Documents/projects/social-media/backend/node_modules/pirates/lib/index.js:121:7)
    at Module.load (node:internal/modules/cjs/loader:1318:32)
    at Function._load (node:internal/modules/cjs/loader:1128:12)
    at TracingChannel.traceSync (node:diagnostics_channel:315:14)
    at wrapModuleLoad (node:internal/modules/cjs/loader:218:24)
    at Module.require (node:internal/modules/cjs/loader:1340:12)
    at require (node:internal/modules/helpers:141:16)
    at Object.<anonymous> (/home/gs/Documents/projects/social-media/backend/src/rest-resources/controllers/auth.controller.js:1:1)
    at Module._compile (node:internal/modules/cjs/loader:1546:14)
    at Module._compile (/home/gs/Documents/projects/social-media/backend/node_modules/pirates/lib/index.js:117:24)
    at node:internal/modules/cjs/loader:1689:10
    at Object.newLoader [as .js] (/home/gs/Documents/projects/social-media/backend/node_modules/pirates/lib/index.js:121:7)
    at Module.load (node:internal/modules/cjs/loader:1318:32)
    at Function._load (node:internal/modules/cjs/loader:1128:12)
    at TracingChannel.traceSync (node:diagnostics_channel:315:14)
    at wrapModuleLoad (node:internal/modules/cjs/loader:218:24)
    at Module.require (node:internal/modules/cjs/loader:1340:12)
    at require (node:internal/modules/helpers:141:16)
    at Object.<anonymous> (/home/gs/Documents/projects/social-media/backend/src/rest-resources/routes/api/v1/auth.route.js:2:1)
    at Module._compile (node:internal/modules/cjs/loader:1546:14)
    at Module._compile (/home/gs/Documents/projects/social-media/backend/node_modules/pirates/lib/index.js:117:24)
    at node:internal/modules/cjs/loader:1689:10
    at Object.newLoader [as .js] (/home/gs/Documents/projects/social-media/backend/node_modules/pirates/lib/index.js:121:7)
    at Module.load (node:internal/modules/cjs/loader:1318:32)
    at Function._load (node:internal/modules/cjs/loader:1128:12)
    at TracingChannel.traceSync (node:diagnostics_channel:315:14)
    at wrapModuleLoad (node:internal/modules/cjs/loader:218:24)
    at Module.require (node:internal/modules/cjs/loader:1340:12)
    at require (node:internal/modules/helpers:141:16)
    at Object.<anonymous> (/home/gs/Documents/projects/social-media/backend/src/rest-resources/routes/api/v1/index.js:3:1)
    at Module._compile (node:internal/modules/cjs/loader:1546:14)
    at Module._compile (/home/gs/Documents/projects/social-media/backend/node_modules/pirates/lib/index.js:117:24)
    at node:internal/modules/cjs/loader:1689:10
    at Object.newLoader [as .js] (/home/gs/Documents/projects/social-media/backend/node_modules/pirates/lib/index.js:121:7)
    at Module.load (node:internal/modules/cjs/loader:1318:32)
    at Function._load (node:internal/modules/cjs/loader:1128:12)
    at TracingChannel.traceSync (node:diagnostics_channel:315:14)
    at wrapModuleLoad (node:internal/modules/cjs/loader:218:24)
    at Module.require (node:internal/modules/cjs/loader:1340:12)
    at require (node:internal/modules/helpers:141:16)
[PID 11073] [2025-03-03T11:10:17.609Z] Backoffice-API [31mERROR[39m: uncaughtException: Cannot find module '../utils/error.utils'
Require stack:
- /home/gs/Documents/projects/social-media/backend/src/helpers/response.helpers.js
- /home/gs/Documents/projects/social-media/backend/src/rest-resources/controllers/auth.controller.js
- /home/gs/Documents/projects/social-media/backend/src/rest-resources/routes/api/v1/auth.route.js
- /home/gs/Documents/projects/social-media/backend/src/rest-resources/routes/api/v1/index.js
- /home/gs/Documents/projects/social-media/backend/src/rest-resources/routes/api/index.js
- /home/gs/Documents/projects/social-media/backend/src/rest-resources/routes/index.js
- /home/gs/Documents/projects/social-media/backend/src/rest-resources/index.js
- /home/gs/Documents/projects/social-media/backend/index.js
Error: Cannot find module '../utils/error.utils'
Require stack:
- /home/gs/Documents/projects/social-media/backend/src/helpers/response.helpers.js
- /home/gs/Documents/projects/social-media/backend/src/rest-resources/controllers/auth.controller.js
- /home/gs/Documents/projects/social-media/backend/src/rest-resources/routes/api/v1/auth.route.js
- /home/gs/Documents/projects/social-media/backend/src/rest-resources/routes/api/v1/index.js
- /home/gs/Documents/projects/social-media/backend/src/rest-resources/routes/api/index.js
- /home/gs/Documents/projects/social-media/backend/src/rest-resources/routes/index.js
- /home/gs/Documents/projects/social-media/backend/src/rest-resources/index.js
- /home/gs/Documents/projects/social-media/backend/index.js
    at Function._resolveFilename (node:internal/modules/cjs/loader:1249:15)
    at Function._load (node:internal/modules/cjs/loader:1075:27)
    at TracingChannel.traceSync (node:diagnostics_channel:315:14)
    at wrapModuleLoad (node:internal/modules/cjs/loader:218:24)
    at Module.require (node:internal/modules/cjs/loader:1340:12)
    at require (node:internal/modules/helpers:141:16)
    at Object.<anonymous> (/home/gs/Documents/projects/social-media/backend/src/helpers/response.helpers.js:4:1)
    at Module._compile (node:internal/modules/cjs/loader:1546:14)
    at Module._compile (/home/gs/Documents/projects/social-media/backend/node_modules/pirates/lib/index.js:117:24)
    at node:internal/modules/cjs/loader:1689:10
    at Object.newLoader [as .js] (/home/gs/Documents/projects/social-media/backend/node_modules/pirates/lib/index.js:121:7)
    at Module.load (node:internal/modules/cjs/loader:1318:32)
    at Function._load (node:internal/modules/cjs/loader:1128:12)
    at TracingChannel.traceSync (node:diagnostics_channel:315:14)
    at wrapModuleLoad (node:internal/modules/cjs/loader:218:24)
    at Module.require (node:internal/modules/cjs/loader:1340:12)
    at require (node:internal/modules/helpers:141:16)
    at Object.<anonymous> (/home/gs/Documents/projects/social-media/backend/src/rest-resources/controllers/auth.controller.js:1:1)
    at Module._compile (node:internal/modules/cjs/loader:1546:14)
    at Module._compile (/home/gs/Documents/projects/social-media/backend/node_modules/pirates/lib/index.js:117:24)
    at node:internal/modules/cjs/loader:1689:10
    at Object.newLoader [as .js] (/home/gs/Documents/projects/social-media/backend/node_modules/pirates/lib/index.js:121:7)
    at Module.load (node:internal/modules/cjs/loader:1318:32)
    at Function._load (node:internal/modules/cjs/loader:1128:12)
    at TracingChannel.traceSync (node:diagnostics_channel:315:14)
    at wrapModuleLoad (node:internal/modules/cjs/loader:218:24)
    at Module.require (node:internal/modules/cjs/loader:1340:12)
    at require (node:internal/modules/helpers:141:16)
    at Object.<anonymous> (/home/gs/Documents/projects/social-media/backend/src/rest-resources/routes/api/v1/auth.route.js:2:1)
    at Module._compile (node:internal/modules/cjs/loader:1546:14)
    at Module._compile (/home/gs/Documents/projects/social-media/backend/node_modules/pirates/lib/index.js:117:24)
    at node:internal/modules/cjs/loader:1689:10
    at Object.newLoader [as .js] (/home/gs/Documents/projects/social-media/backend/node_modules/pirates/lib/index.js:121:7)
    at Module.load (node:internal/modules/cjs/loader:1318:32)
    at Function._load (node:internal/modules/cjs/loader:1128:12)
    at TracingChannel.traceSync (node:diagnostics_channel:315:14)
    at wrapModuleLoad (node:internal/modules/cjs/loader:218:24)
    at Module.require (node:internal/modules/cjs/loader:1340:12)
    at require (node:internal/modules/helpers:141:16)
    at Object.<anonymous> (/home/gs/Documents/projects/social-media/backend/src/rest-resources/routes/api/v1/index.js:3:1)
    at Module._compile (node:internal/modules/cjs/loader:1546:14)
    at Module._compile (/home/gs/Documents/projects/social-media/backend/node_modules/pirates/lib/index.js:117:24)
    at node:internal/modules/cjs/loader:1689:10
    at Object.newLoader [as .js] (/home/gs/Documents/projects/social-media/backend/node_modules/pirates/lib/index.js:121:7)
    at Module.load (node:internal/modules/cjs/loader:1318:32)
    at Function._load (node:internal/modules/cjs/loader:1128:12)
    at TracingChannel.traceSync (node:diagnostics_channel:315:14)
    at wrapModuleLoad (node:internal/modules/cjs/loader:218:24)
    at Module.require (node:internal/modules/cjs/loader:1340:12)
    at require (node:internal/modules/helpers:141:16)
[PID 11598] [2025-03-03T11:10:58.092Z] Backoffice-API [31mERROR[39m: uncaughtException: Cannot find module '../'
Require stack:
- /home/gs/Documents/projects/social-media/backend/src/helpers/response.helpers.js
- /home/gs/Documents/projects/social-media/backend/src/rest-resources/controllers/auth.controller.js
- /home/gs/Documents/projects/social-media/backend/src/rest-resources/routes/api/v1/auth.route.js
- /home/gs/Documents/projects/social-media/backend/src/rest-resources/routes/api/v1/index.js
- /home/gs/Documents/projects/social-media/backend/src/rest-resources/routes/api/index.js
- /home/gs/Documents/projects/social-media/backend/src/rest-resources/routes/index.js
- /home/gs/Documents/projects/social-media/backend/src/rest-resources/index.js
- /home/gs/Documents/projects/social-media/backend/index.js
Error: Cannot find module '../'
Require stack:
- /home/gs/Documents/projects/social-media/backend/src/helpers/response.helpers.js
- /home/gs/Documents/projects/social-media/backend/src/rest-resources/controllers/auth.controller.js
- /home/gs/Documents/projects/social-media/backend/src/rest-resources/routes/api/v1/auth.route.js
- /home/gs/Documents/projects/social-media/backend/src/rest-resources/routes/api/v1/index.js
- /home/gs/Documents/projects/social-media/backend/src/rest-resources/routes/api/index.js
- /home/gs/Documents/projects/social-media/backend/src/rest-resources/routes/index.js
- /home/gs/Documents/projects/social-media/backend/src/rest-resources/index.js
- /home/gs/Documents/projects/social-media/backend/index.js
    at Function._resolveFilename (node:internal/modules/cjs/loader:1249:15)
    at Function._load (node:internal/modules/cjs/loader:1075:27)
    at TracingChannel.traceSync (node:diagnostics_channel:315:14)
    at wrapModuleLoad (node:internal/modules/cjs/loader:218:24)
    at Module.require (node:internal/modules/cjs/loader:1340:12)
    at require (node:internal/modules/helpers:141:16)
    at Object.<anonymous> (/home/gs/Documents/projects/social-media/backend/src/helpers/response.helpers.js:4:1)
    at Module._compile (node:internal/modules/cjs/loader:1546:14)
    at Module._compile (/home/gs/Documents/projects/social-media/backend/node_modules/pirates/lib/index.js:117:24)
    at node:internal/modules/cjs/loader:1689:10
    at Object.newLoader [as .js] (/home/gs/Documents/projects/social-media/backend/node_modules/pirates/lib/index.js:121:7)
    at Module.load (node:internal/modules/cjs/loader:1318:32)
    at Function._load (node:internal/modules/cjs/loader:1128:12)
    at TracingChannel.traceSync (node:diagnostics_channel:315:14)
    at wrapModuleLoad (node:internal/modules/cjs/loader:218:24)
    at Module.require (node:internal/modules/cjs/loader:1340:12)
    at require (node:internal/modules/helpers:141:16)
    at Object.<anonymous> (/home/gs/Documents/projects/social-media/backend/src/rest-resources/controllers/auth.controller.js:1:1)
    at Module._compile (node:internal/modules/cjs/loader:1546:14)
    at Module._compile (/home/gs/Documents/projects/social-media/backend/node_modules/pirates/lib/index.js:117:24)
    at node:internal/modules/cjs/loader:1689:10
    at Object.newLoader [as .js] (/home/gs/Documents/projects/social-media/backend/node_modules/pirates/lib/index.js:121:7)
    at Module.load (node:internal/modules/cjs/loader:1318:32)
    at Function._load (node:internal/modules/cjs/loader:1128:12)
    at TracingChannel.traceSync (node:diagnostics_channel:315:14)
    at wrapModuleLoad (node:internal/modules/cjs/loader:218:24)
    at Module.require (node:internal/modules/cjs/loader:1340:12)
    at require (node:internal/modules/helpers:141:16)
    at Object.<anonymous> (/home/gs/Documents/projects/social-media/backend/src/rest-resources/routes/api/v1/auth.route.js:2:1)
    at Module._compile (node:internal/modules/cjs/loader:1546:14)
    at Module._compile (/home/gs/Documents/projects/social-media/backend/node_modules/pirates/lib/index.js:117:24)
    at node:internal/modules/cjs/loader:1689:10
    at Object.newLoader [as .js] (/home/gs/Documents/projects/social-media/backend/node_modules/pirates/lib/index.js:121:7)
    at Module.load (node:internal/modules/cjs/loader:1318:32)
    at Function._load (node:internal/modules/cjs/loader:1128:12)
    at TracingChannel.traceSync (node:diagnostics_channel:315:14)
    at wrapModuleLoad (node:internal/modules/cjs/loader:218:24)
    at Module.require (node:internal/modules/cjs/loader:1340:12)
    at require (node:internal/modules/helpers:141:16)
    at Object.<anonymous> (/home/gs/Documents/projects/social-media/backend/src/rest-resources/routes/api/v1/index.js:3:1)
    at Module._compile (node:internal/modules/cjs/loader:1546:14)
    at Module._compile (/home/gs/Documents/projects/social-media/backend/node_modules/pirates/lib/index.js:117:24)
    at node:internal/modules/cjs/loader:1689:10
    at Object.newLoader [as .js] (/home/gs/Documents/projects/social-media/backend/node_modules/pirates/lib/index.js:121:7)
    at Module.load (node:internal/modules/cjs/loader:1318:32)
    at Function._load (node:internal/modules/cjs/loader:1128:12)
    at TracingChannel.traceSync (node:diagnostics_channel:315:14)
    at wrapModuleLoad (node:internal/modules/cjs/loader:218:24)
    at Module.require (node:internal/modules/cjs/loader:1340:12)
    at require (node:internal/modules/helpers:141:16)
[PID 11691] [2025-03-03T11:11:02.439Z] Backoffice-API [32mINFO[39m: Server Started  Message: Listening on 3000 
[PID 11691] [2025-03-03T11:11:03.172Z] Backoffice-API [32mINFO[39m: Shutting down server Message: Received SIGUSR2 
[PID 11770] [2025-03-03T11:11:04.512Z] Backoffice-API [32mINFO[39m: Server Started  Message: Listening on 3000 
[PID 11770] [2025-03-03T11:11:23.259Z] Backoffice-API [31mERROR[39m: TokenExpiredError: jwt expired Message: No Message 
[PID 11770] [2025-03-03T11:11:23.262Z] Backoffice-API [32mINFO[39m: GET /api/v1/post/get 400 87 - 5.669 ms
========================================[Service Started: GetUsersService]========================================
[PID 11770] [2025-03-03T11:11:29.417Z] Backoffice-API [32mINFO[39m: Executing (default): SELECT "User"."id", "User"."name", "User"."email", "User"."password", "User"."age", "User"."city", "User"."eligible", "User"."dob", "User"."mobile", "User"."gender", "User"."private_account", "User"."otp", "User"."created_at" AS "_0", "User"."updated_at" AS "_1", "follower"."id" AS "_2", "follower"."following_id" AS "_3", "follower"."follower_id" AS "_4", "follower"."created_at" AS "_5", "follower"."updated_at" AS "_6", "follower"."following_id" AS "_7", "follower"."follower_id" AS "_8", "following"."id" AS "_9", "following"."following_id" AS "_10", "following"."follower_id" AS "_11", "following"."created_at" AS "_12", "following"."updated_at" AS "_13", "following"."following_id" AS "_14", "following"."follower_id" AS "_15" FROM "users" AS "User" LEFT OUTER JOIN "follows" AS "follower" ON "User"."id" = "follower"."follower_id" LEFT OUTER JOIN "follows" AS "following" ON "User"."id" = "following"."following_id";
========================================[Service Finished: GetUsersService]========================================
[PID 11770] [2025-03-03T11:11:29.445Z] Backoffice-API [31mERROR[39m: TypeError in /api/v1/user/get Message: (0 , _.sendResponse) is not a function context: { traceId: 'ME9Mt55m4764XOa7CKUzm', query: {}, params: {}, body: {} } 
[PID 11770] [2025-03-03T11:11:29.451Z] Backoffice-API [32mINFO[39m: GET /api/v1/user/get 500 142 - 85.000 ms
[PID 11770] [2025-03-03T11:11:29.472Z] Backoffice-API [32mINFO[39m: Shutting down server Message: Received SIGUSR2 
[PID 12607] [2025-03-03T11:11:30.225Z] Backoffice-API [32mINFO[39m: Server Started  Message: Listening on 3000 
========================================[Service Started: LoginService]========================================
[PID 12607] [2025-03-03T11:11:35.337Z] Backoffice-API [32mINFO[39m: Executing (default): SELECT "id", "name", "email", "password", "age", "city", "eligible", "dob", "mobile", "gender", "private_account", "otp", "created_at" AS "_0", "updated_at" AS "_1" FROM "users" AS "User" WHERE "User"."email" = 'rp6568589@gmail.com';
========================================[Service Finished: LoginService]========================================
[PID 12607] [2025-03-03T11:11:35.347Z] Backoffice-API [34mDEBUG[39m: InvalidCredentialError in /api/v1/auth/login Message: Invalid credentials, please check credentials again context: {
  traceId: 'mXmaifLlRau_9Iu4obeA9',
  query: {},
  params: {},
  body: { email: 'rp6568589@gmail.com', password: 'action@1234' }
} 
[PID 12607] [2025-03-03T11:11:35.350Z] Backoffice-API [32mINFO[39m: POST /api/v1/auth/login 401 141 - 50.374 ms
[PID 12607] [2025-03-03T11:11:35.367Z] Backoffice-API [32mINFO[39m: Shutting down server Message: Received SIGUSR2 
[PID 12739] [2025-03-03T11:11:36.154Z] Backoffice-API [32mINFO[39m: Server Started  Message: Listening on 3000 
========================================[Service Started: LoginService]========================================
[PID 12739] [2025-03-03T11:12:31.383Z] Backoffice-API [32mINFO[39m: Executing (default): SELECT "id", "name", "email", "password", "age", "city", "eligible", "dob", "mobile", "gender", "private_account", "otp", "created_at" AS "_0", "updated_at" AS "_1" FROM "users" AS "User" WHERE "User"."email" = 'Jaylin.Jacobson18@yahoo.com';
========================================[Service Finished: LoginService]========================================
[PID 12739] [2025-03-03T11:12:31.441Z] Backoffice-API [34mDEBUG[39m: InvalidCredentialError in /api/v1/auth/login Message: Invalid credentials, please check credentials again context: {
  traceId: 'dA2jDjKHLNcP28WYAhK9t',
  query: {},
  params: {},
  body: { email: 'Jaylin.Jacobson18@yahoo.com', password: 'action@1234' }
} 
[PID 12739] [2025-03-03T11:12:31.443Z] Backoffice-API [32mINFO[39m: POST /api/v1/auth/login 401 141 - 98.578 ms
========================================[Service Started: LoginService]========================================
[PID 12739] [2025-03-03T11:12:32.586Z] Backoffice-API [32mINFO[39m: Executing (default): SELECT "id", "name", "email", "password", "age", "city", "eligible", "dob", "mobile", "gender", "private_account", "otp", "created_at" AS "_0", "updated_at" AS "_1" FROM "users" AS "User" WHERE "User"."email" = 'Jaylin.Jacobson18@yahoo.com';
========================================[Service Finished: LoginService]========================================
[PID 12739] [2025-03-03T11:12:32.631Z] Backoffice-API [34mDEBUG[39m: InvalidCredentialError in /api/v1/auth/login Message: Invalid credentials, please check credentials again context: {
  traceId: 'LOLZqgfwHgxy9-BT_dJ4S',
  query: {},
  params: {},
  body: { email: 'Jaylin.Jacobson18@yahoo.com', password: 'action@1234' }
} 
[PID 12739] [2025-03-03T11:12:32.632Z] Backoffice-API [32mINFO[39m: POST /api/v1/auth/login 401 141 - 47.318 ms
========================================[Service Started: LoginService]========================================
[PID 12739] [2025-03-03T11:12:44.845Z] Backoffice-API [32mINFO[39m: Executing (default): SELECT "id", "name", "email", "password", "age", "city", "eligible", "dob", "mobile", "gender", "private_account", "otp", "created_at" AS "_0", "updated_at" AS "_1" FROM "users" AS "User" WHERE "User"."email" = 'Jaylin.Jacobson18@yahoo.com';
========================================[Service Finished: LoginService]========================================
[PID 12739] [2025-03-03T11:12:44.896Z] Backoffice-API [34mDEBUG[39m: InvalidCredentialError in /api/v1/auth/login Message: Invalid credentials, please check credentials again context: {
  traceId: '9ZpGGPB4ukERJ4DKfGSI6',
  query: {},
  params: {},
  body: { email: 'Jaylin.Jacobson18@yahoo.com', password: 'action@1234' }
} 
[PID 12739] [2025-03-03T11:12:44.897Z] Backoffice-API [32mINFO[39m: POST /api/v1/auth/login 401 141 - 61.205 ms
[PID 12739] [2025-03-03T11:14:04.531Z] Backoffice-API [32mINFO[39m: Shutting down server Message: Received SIGUSR2 
[PID 14768] [2025-03-03T11:14:05.433Z] Backoffice-API [32mINFO[39m: Server Started  Message: Listening on 3000 
========================================[Service Started: CreateUserService]========================================
[PID 14768] [2025-03-03T11:14:48.370Z] Backoffice-API [32mINFO[39m: Executing (default): SELECT "id", "name", "email", "password", "age", "city", "eligible", "dob", "mobile", "gender", "private_account", "otp", "created_at" AS "_0", "updated_at" AS "_1" FROM "users" AS "User" WHERE "User"."email" = 'rp6568589@gmail.com';
[PID 14768] [2025-03-03T11:14:48.424Z] Backoffice-API [32mINFO[39m: Executing (default): INSERT INTO "users" ("id","name","email","password","age","city","eligible","dob","mobile","gender","private_account","created_at","updated_at") VALUES (DEFAULT,$1,$2,$3,$4,$5,$6,$7,$8,$9,$10,$11,$12) RETURNING "id","name","email","password","age","city","eligible","dob","mobile","gender","private_account","otp","created_at","updated_at";
========================================[Service Finished: CreateUserService]========================================
[PID 14768] [2025-03-03T11:14:48.435Z] Backoffice-API [31mERROR[39m: TypeError in /api/v1/user/create Message: (0 , _.sendResponse) is not a function context: {
  traceId: '77hGG3DDdPTRmR5GtGo2-',
  query: {},
  params: {},
  body: {
    name: 'rohit Prajapati',
    email: 'rp6568589@gmail.com',
    password: 'action@1234',
    age: 34,
    city: 'indore',
    eligible: true,
    dob: '2015-12-12',
    mobile: '1212121212',
    gender: 'female',
    private_account: true
  }
} 
[PID 14768] [2025-03-03T11:14:48.440Z] Backoffice-API [32mINFO[39m: POST /api/v1/user/create 500 142 - 110.713 ms
[PID 14768] [2025-03-03T11:14:48.453Z] Backoffice-API [32mINFO[39m: Shutting down server Message: Received SIGUSR2 
[PID 15342] [2025-03-03T11:14:49.208Z] Backoffice-API [32mINFO[39m: Server Started  Message: Listening on 3000 
[PID 15342] [2025-03-03T11:17:17.139Z] Backoffice-API [32mINFO[39m: Shutting down server Message: Received SIGUSR2 
[PID 17094] [2025-03-03T11:17:17.910Z] Backoffice-API [31mERROR[39m: uncaughtException: Cannot find module '../../'
Require stack:
- /home/gs/Documents/projects/social-media/backend/src/rest-resources/controllers/auth.controller.js
- /home/gs/Documents/projects/social-media/backend/src/rest-resources/routes/api/v1/auth.route.js
- /home/gs/Documents/projects/social-media/backend/src/rest-resources/routes/api/v1/index.js
- /home/gs/Documents/projects/social-media/backend/src/rest-resources/routes/api/index.js
- /home/gs/Documents/projects/social-media/backend/src/rest-resources/routes/index.js
- /home/gs/Documents/projects/social-media/backend/src/rest-resources/index.js
- /home/gs/Documents/projects/social-media/backend/index.js
Error: Cannot find module '../../'
Require stack:
- /home/gs/Documents/projects/social-media/backend/src/rest-resources/controllers/auth.controller.js
- /home/gs/Documents/projects/social-media/backend/src/rest-resources/routes/api/v1/auth.route.js
- /home/gs/Documents/projects/social-media/backend/src/rest-resources/routes/api/v1/index.js
- /home/gs/Documents/projects/social-media/backend/src/rest-resources/routes/api/index.js
- /home/gs/Documents/projects/social-media/backend/src/rest-resources/routes/index.js
- /home/gs/Documents/projects/social-media/backend/src/rest-resources/index.js
- /home/gs/Documents/projects/social-media/backend/index.js
    at Function._resolveFilename (node:internal/modules/cjs/loader:1249:15)
    at Function._load (node:internal/modules/cjs/loader:1075:27)
    at TracingChannel.traceSync (node:diagnostics_channel:315:14)
    at wrapModuleLoad (node:internal/modules/cjs/loader:218:24)
    at Module.require (node:internal/modules/cjs/loader:1340:12)
    at require (node:internal/modules/helpers:141:16)
    at Object.<anonymous> (/home/gs/Documents/projects/social-media/backend/src/rest-resources/controllers/auth.controller.js:1:1)
    at Module._compile (node:internal/modules/cjs/loader:1546:14)
    at Module._compile (/home/gs/Documents/projects/social-media/backend/node_modules/pirates/lib/index.js:117:24)
    at node:internal/modules/cjs/loader:1689:10
    at Object.newLoader [as .js] (/home/gs/Documents/projects/social-media/backend/node_modules/pirates/lib/index.js:121:7)
    at Module.load (node:internal/modules/cjs/loader:1318:32)
    at Function._load (node:internal/modules/cjs/loader:1128:12)
    at TracingChannel.traceSync (node:diagnostics_channel:315:14)
    at wrapModuleLoad (node:internal/modules/cjs/loader:218:24)
    at Module.require (node:internal/modules/cjs/loader:1340:12)
    at require (node:internal/modules/helpers:141:16)
    at Object.<anonymous> (/home/gs/Documents/projects/social-media/backend/src/rest-resources/routes/api/v1/auth.route.js:2:1)
    at Module._compile (node:internal/modules/cjs/loader:1546:14)
    at Module._compile (/home/gs/Documents/projects/social-media/backend/node_modules/pirates/lib/index.js:117:24)
    at node:internal/modules/cjs/loader:1689:10
    at Object.newLoader [as .js] (/home/gs/Documents/projects/social-media/backend/node_modules/pirates/lib/index.js:121:7)
    at Module.load (node:internal/modules/cjs/loader:1318:32)
    at Function._load (node:internal/modules/cjs/loader:1128:12)
    at TracingChannel.traceSync (node:diagnostics_channel:315:14)
    at wrapModuleLoad (node:internal/modules/cjs/loader:218:24)
    at Module.require (node:internal/modules/cjs/loader:1340:12)
    at require (node:internal/modules/helpers:141:16)
    at Object.<anonymous> (/home/gs/Documents/projects/social-media/backend/src/rest-resources/routes/api/v1/index.js:3:1)
    at Module._compile (node:internal/modules/cjs/loader:1546:14)
    at Module._compile (/home/gs/Documents/projects/social-media/backend/node_modules/pirates/lib/index.js:117:24)
    at node:internal/modules/cjs/loader:1689:10
    at Object.newLoader [as .js] (/home/gs/Documents/projects/social-media/backend/node_modules/pirates/lib/index.js:121:7)
    at Module.load (node:internal/modules/cjs/loader:1318:32)
    at Function._load (node:internal/modules/cjs/loader:1128:12)
    at TracingChannel.traceSync (node:diagnostics_channel:315:14)
    at wrapModuleLoad (node:internal/modules/cjs/loader:218:24)
    at Module.require (node:internal/modules/cjs/loader:1340:12)
    at require (node:internal/modules/helpers:141:16)
    at Object.<anonymous> (/home/gs/Documents/projects/social-media/backend/src/rest-resources/routes/api/index.js:2:1)
    at Module._compile (node:internal/modules/cjs/loader:1546:14)
    at Module._compile (/home/gs/Documents/projects/social-media/backend/node_modules/pirates/lib/index.js:117:24)
    at node:internal/modules/cjs/loader:1689:10
    at Object.newLoader [as .js] (/home/gs/Documents/projects/social-media/backend/node_modules/pirates/lib/index.js:121:7)
    at Module.load (node:internal/modules/cjs/loader:1318:32)
    at Function._load (node:internal/modules/cjs/loader:1128:12)
    at TracingChannel.traceSync (node:diagnostics_channel:315:14)
    at wrapModuleLoad (node:internal/modules/cjs/loader:218:24)
    at Module.require (node:internal/modules/cjs/loader:1340:12)
    at require (node:internal/modules/helpers:141:16)
[PID 17181] [2025-03-03T11:17:21.816Z] Backoffice-API [31mERROR[39m: uncaughtException: Cannot find module '../../helpers/'
Require stack:
- /home/gs/Documents/projects/social-media/backend/src/rest-resources/controllers/auth.controller.js
- /home/gs/Documents/projects/social-media/backend/src/rest-resources/routes/api/v1/auth.route.js
- /home/gs/Documents/projects/social-media/backend/src/rest-resources/routes/api/v1/index.js
- /home/gs/Documents/projects/social-media/backend/src/rest-resources/routes/api/index.js
- /home/gs/Documents/projects/social-media/backend/src/rest-resources/routes/index.js
- /home/gs/Documents/projects/social-media/backend/src/rest-resources/index.js
- /home/gs/Documents/projects/social-media/backend/index.js
Error: Cannot find module '../../helpers/'
Require stack:
- /home/gs/Documents/projects/social-media/backend/src/rest-resources/controllers/auth.controller.js
- /home/gs/Documents/projects/social-media/backend/src/rest-resources/routes/api/v1/auth.route.js
- /home/gs/Documents/projects/social-media/backend/src/rest-resources/routes/api/v1/index.js
- /home/gs/Documents/projects/social-media/backend/src/rest-resources/routes/api/index.js
- /home/gs/Documents/projects/social-media/backend/src/rest-resources/routes/index.js
- /home/gs/Documents/projects/social-media/backend/src/rest-resources/index.js
- /home/gs/Documents/projects/social-media/backend/index.js
    at Function._resolveFilename (node:internal/modules/cjs/loader:1249:15)
    at Function._load (node:internal/modules/cjs/loader:1075:27)
    at TracingChannel.traceSync (node:diagnostics_channel:315:14)
    at wrapModuleLoad (node:internal/modules/cjs/loader:218:24)
    at Module.require (node:internal/modules/cjs/loader:1340:12)
    at require (node:internal/modules/helpers:141:16)
    at Object.<anonymous> (/home/gs/Documents/projects/social-media/backend/src/rest-resources/controllers/auth.controller.js:1:1)
    at Module._compile (node:internal/modules/cjs/loader:1546:14)
    at Module._compile (/home/gs/Documents/projects/social-media/backend/node_modules/pirates/lib/index.js:117:24)
    at node:internal/modules/cjs/loader:1689:10
    at Object.newLoader [as .js] (/home/gs/Documents/projects/social-media/backend/node_modules/pirates/lib/index.js:121:7)
    at Module.load (node:internal/modules/cjs/loader:1318:32)
    at Function._load (node:internal/modules/cjs/loader:1128:12)
    at TracingChannel.traceSync (node:diagnostics_channel:315:14)
    at wrapModuleLoad (node:internal/modules/cjs/loader:218:24)
    at Module.require (node:internal/modules/cjs/loader:1340:12)
    at require (node:internal/modules/helpers:141:16)
    at Object.<anonymous> (/home/gs/Documents/projects/social-media/backend/src/rest-resources/routes/api/v1/auth.route.js:2:1)
    at Module._compile (node:internal/modules/cjs/loader:1546:14)
    at Module._compile (/home/gs/Documents/projects/social-media/backend/node_modules/pirates/lib/index.js:117:24)
    at node:internal/modules/cjs/loader:1689:10
    at Object.newLoader [as .js] (/home/gs/Documents/projects/social-media/backend/node_modules/pirates/lib/index.js:121:7)
    at Module.load (node:internal/modules/cjs/loader:1318:32)
    at Function._load (node:internal/modules/cjs/loader:1128:12)
    at TracingChannel.traceSync (node:diagnostics_channel:315:14)
    at wrapModuleLoad (node:internal/modules/cjs/loader:218:24)
    at Module.require (node:internal/modules/cjs/loader:1340:12)
    at require (node:internal/modules/helpers:141:16)
    at Object.<anonymous> (/home/gs/Documents/projects/social-media/backend/src/rest-resources/routes/api/v1/index.js:3:1)
    at Module._compile (node:internal/modules/cjs/loader:1546:14)
    at Module._compile (/home/gs/Documents/projects/social-media/backend/node_modules/pirates/lib/index.js:117:24)
    at node:internal/modules/cjs/loader:1689:10
    at Object.newLoader [as .js] (/home/gs/Documents/projects/social-media/backend/node_modules/pirates/lib/index.js:121:7)
    at Module.load (node:internal/modules/cjs/loader:1318:32)
    at Function._load (node:internal/modules/cjs/loader:1128:12)
    at TracingChannel.traceSync (node:diagnostics_channel:315:14)
    at wrapModuleLoad (node:internal/modules/cjs/loader:218:24)
    at Module.require (node:internal/modules/cjs/loader:1340:12)
    at require (node:internal/modules/helpers:141:16)
    at Object.<anonymous> (/home/gs/Documents/projects/social-media/backend/src/rest-resources/routes/api/index.js:2:1)
    at Module._compile (node:internal/modules/cjs/loader:1546:14)
    at Module._compile (/home/gs/Documents/projects/social-media/backend/node_modules/pirates/lib/index.js:117:24)
    at node:internal/modules/cjs/loader:1689:10
    at Object.newLoader [as .js] (/home/gs/Documents/projects/social-media/backend/node_modules/pirates/lib/index.js:121:7)
    at Module.load (node:internal/modules/cjs/loader:1318:32)
    at Function._load (node:internal/modules/cjs/loader:1128:12)
    at TracingChannel.traceSync (node:diagnostics_channel:315:14)
    at wrapModuleLoad (node:internal/modules/cjs/loader:218:24)
    at Module.require (node:internal/modules/cjs/loader:1340:12)
    at require (node:internal/modules/helpers:141:16)
[PID 17322] [2025-03-03T11:17:26.892Z] Backoffice-API [32mINFO[39m: Server Started  Message: Listening on 3000 
========================================[Service Started: CreateUserService]========================================
[PID 17322] [2025-03-03T11:17:34.136Z] Backoffice-API [32mINFO[39m: Executing (default): SELECT "id", "name", "email", "password", "age", "city", "eligible", "dob", "mobile", "gender", "private_account", "otp", "created_at" AS "_0", "updated_at" AS "_1" FROM "users" AS "User" WHERE "User"."email" = 'rp6568589@gmail.com';
========================================[Service Finished: CreateUserService]========================================
[PID 17322] [2025-03-03T11:17:34.144Z] Backoffice-API [31mERROR[39m: TypeError in /api/v1/user/create Message: (0 , _.sendResponse) is not a function context: {
  traceId: 'GxZ56UYzhfCbXi1V5b01u',
  query: {},
  params: {},
  body: {
    name: 'rohit Prajapati',
    email: 'rp6568589@gmail.com',
    password: 'action@1234',
    age: 34,
    city: 'indore',
    eligible: true,
    dob: '2015-12-12',
    mobile: '1212121212',
    gender: 'female',
    private_account: true
  }
} 
[PID 17322] [2025-03-03T11:17:34.154Z] Backoffice-API [32mINFO[39m: POST /api/v1/user/create 500 142 - 56.015 ms
[PID 17322] [2025-03-03T11:17:34.171Z] Backoffice-API [32mINFO[39m: Shutting down server Message: Received SIGUSR2 
[PID 17457] [2025-03-03T11:17:34.953Z] Backoffice-API [32mINFO[39m: Server Started  Message: Listening on 3000 
[PID 17457] [2025-03-03T11:17:46.102Z] Backoffice-API [32mINFO[39m: Shutting down server Message: Received SIGINT 
[PID 435554] [2025-03-04T10:10:11.320Z] Backoffice-API [32mINFO[39m: Server Started  Message: Listening on 3000 
========================================[Service Started: CreateUserService]========================================
[PID 435554] [2025-03-04T10:10:28.786Z] Backoffice-API [32mINFO[39m: Executing (default): SELECT "id", "name", "email", "password", "age", "city", "eligible", "dob", "mobile", "gender", "private_account", "otp", "created_at" AS "_0", "updated_at" AS "_1" FROM "users" AS "User" WHERE "User"."email" = 'rp6568589@gmail.com';
========================================[Service Finished: CreateUserService]========================================
[PID 435554] [2025-03-04T10:10:28.806Z] Backoffice-API [31mERROR[39m: TypeError in /api/v1/user/create Message: (0 , _.sendResponse) is not a function context: {
  traceId: 'LHkizZmVmEfLBV_8XrZJ1',
  query: {},
  params: {},
  body: {
    name: 'rohit Prajapati',
    email: 'rp6568589@gmail.com',
    password: 'action@1234',
    age: 34,
    city: 'indore',
    eligible: true,
    dob: '2015-12-12',
    mobile: '1212121212',
    gender: 'female',
    private_account: true
  }
} 
[PID 435554] [2025-03-04T10:10:28.814Z] Backoffice-API [32mINFO[39m: POST /api/v1/user/create 500 142 - 67.996 ms
[PID 435554] [2025-03-04T10:10:28.826Z] Backoffice-API [32mINFO[39m: Shutting down server Message: Received SIGUSR2 
[PID 436221] [2025-03-04T10:10:29.637Z] Backoffice-API [32mINFO[39m: Server Started  Message: Listening on 3000 
[PID 436221] [2025-03-04T10:10:51.153Z] Backoffice-API [32mINFO[39m: Shutting down server Message: Received SIGUSR2 
[PID 436551] [2025-03-04T10:10:52.139Z] Backoffice-API [32mINFO[39m: Server Started  Message: Listening on 3000 
[PID 436551] [2025-03-04T10:10:54.213Z] Backoffice-API [32mINFO[39m: Shutting down server Message: Received SIGUSR2 
[PID 436656] [2025-03-04T10:10:54.963Z] Backoffice-API [31mERROR[39m: uncaughtException: Cannot find module '../../'
Require stack:
- /home/gs/Documents/projects/social-media/backend/src/rest-resources/controllers/user.controller.js
- /home/gs/Documents/projects/social-media/backend/src/rest-resources/routes/api/v1/user.route.js
- /home/gs/Documents/projects/social-media/backend/src/rest-resources/routes/api/v1/index.js
- /home/gs/Documents/projects/social-media/backend/src/rest-resources/routes/api/index.js
- /home/gs/Documents/projects/social-media/backend/src/rest-resources/routes/index.js
- /home/gs/Documents/projects/social-media/backend/src/rest-resources/index.js
- /home/gs/Documents/projects/social-media/backend/index.js
Error: Cannot find module '../../'
Require stack:
- /home/gs/Documents/projects/social-media/backend/src/rest-resources/controllers/user.controller.js
- /home/gs/Documents/projects/social-media/backend/src/rest-resources/routes/api/v1/user.route.js
- /home/gs/Documents/projects/social-media/backend/src/rest-resources/routes/api/v1/index.js
- /home/gs/Documents/projects/social-media/backend/src/rest-resources/routes/api/index.js
- /home/gs/Documents/projects/social-media/backend/src/rest-resources/routes/index.js
- /home/gs/Documents/projects/social-media/backend/src/rest-resources/index.js
- /home/gs/Documents/projects/social-media/backend/index.js
    at Function._resolveFilename (node:internal/modules/cjs/loader:1249:15)
    at Function._load (node:internal/modules/cjs/loader:1075:27)
    at TracingChannel.traceSync (node:diagnostics_channel:315:14)
    at wrapModuleLoad (node:internal/modules/cjs/loader:218:24)
    at Module.require (node:internal/modules/cjs/loader:1340:12)
    at require (node:internal/modules/helpers:141:16)
    at Object.<anonymous> (/home/gs/Documents/projects/social-media/backend/src/rest-resources/controllers/user.controller.js:1:1)
    at Module._compile (node:internal/modules/cjs/loader:1546:14)
    at Module._compile (/home/gs/Documents/projects/social-media/backend/node_modules/pirates/lib/index.js:117:24)
    at node:internal/modules/cjs/loader:1689:10
    at Object.newLoader [as .js] (/home/gs/Documents/projects/social-media/backend/node_modules/pirates/lib/index.js:121:7)
    at Module.load (node:internal/modules/cjs/loader:1318:32)
    at Function._load (node:internal/modules/cjs/loader:1128:12)
    at TracingChannel.traceSync (node:diagnostics_channel:315:14)
    at wrapModuleLoad (node:internal/modules/cjs/loader:218:24)
    at Module.require (node:internal/modules/cjs/loader:1340:12)
    at require (node:internal/modules/helpers:141:16)
    at Object.<anonymous> (/home/gs/Documents/projects/social-media/backend/src/rest-resources/routes/api/v1/user.route.js:2:1)
    at Module._compile (node:internal/modules/cjs/loader:1546:14)
    at Module._compile (/home/gs/Documents/projects/social-media/backend/node_modules/pirates/lib/index.js:117:24)
    at node:internal/modules/cjs/loader:1689:10
    at Object.newLoader [as .js] (/home/gs/Documents/projects/social-media/backend/node_modules/pirates/lib/index.js:121:7)
    at Module.load (node:internal/modules/cjs/loader:1318:32)
    at Function._load (node:internal/modules/cjs/loader:1128:12)
    at TracingChannel.traceSync (node:diagnostics_channel:315:14)
    at wrapModuleLoad (node:internal/modules/cjs/loader:218:24)
    at Module.require (node:internal/modules/cjs/loader:1340:12)
    at require (node:internal/modules/helpers:141:16)
    at Object.<anonymous> (/home/gs/Documents/projects/social-media/backend/src/rest-resources/routes/api/v1/index.js:2:1)
    at Module._compile (node:internal/modules/cjs/loader:1546:14)
    at Module._compile (/home/gs/Documents/projects/social-media/backend/node_modules/pirates/lib/index.js:117:24)
    at node:internal/modules/cjs/loader:1689:10
    at Object.newLoader [as .js] (/home/gs/Documents/projects/social-media/backend/node_modules/pirates/lib/index.js:121:7)
    at Module.load (node:internal/modules/cjs/loader:1318:32)
    at Function._load (node:internal/modules/cjs/loader:1128:12)
    at TracingChannel.traceSync (node:diagnostics_channel:315:14)
    at wrapModuleLoad (node:internal/modules/cjs/loader:218:24)
    at Module.require (node:internal/modules/cjs/loader:1340:12)
    at require (node:internal/modules/helpers:141:16)
    at Object.<anonymous> (/home/gs/Documents/projects/social-media/backend/src/rest-resources/routes/api/index.js:2:1)
    at Module._compile (node:internal/modules/cjs/loader:1546:14)
    at Module._compile (/home/gs/Documents/projects/social-media/backend/node_modules/pirates/lib/index.js:117:24)
    at node:internal/modules/cjs/loader:1689:10
    at Object.newLoader [as .js] (/home/gs/Documents/projects/social-media/backend/node_modules/pirates/lib/index.js:121:7)
    at Module.load (node:internal/modules/cjs/loader:1318:32)
    at Function._load (node:internal/modules/cjs/loader:1128:12)
    at TracingChannel.traceSync (node:diagnostics_channel:315:14)
    at wrapModuleLoad (node:internal/modules/cjs/loader:218:24)
    at Module.require (node:internal/modules/cjs/loader:1340:12)
    at require (node:internal/modules/helpers:141:16)
[PID 436697] [2025-03-04T10:10:57.225Z] Backoffice-API [31mERROR[39m: uncaughtException: Cannot find module '../../helpers/'
Require stack:
- /home/gs/Documents/projects/social-media/backend/src/rest-resources/controllers/user.controller.js
- /home/gs/Documents/projects/social-media/backend/src/rest-resources/routes/api/v1/user.route.js
- /home/gs/Documents/projects/social-media/backend/src/rest-resources/routes/api/v1/index.js
- /home/gs/Documents/projects/social-media/backend/src/rest-resources/routes/api/index.js
- /home/gs/Documents/projects/social-media/backend/src/rest-resources/routes/index.js
- /home/gs/Documents/projects/social-media/backend/src/rest-resources/index.js
- /home/gs/Documents/projects/social-media/backend/index.js
Error: Cannot find module '../../helpers/'
Require stack:
- /home/gs/Documents/projects/social-media/backend/src/rest-resources/controllers/user.controller.js
- /home/gs/Documents/projects/social-media/backend/src/rest-resources/routes/api/v1/user.route.js
- /home/gs/Documents/projects/social-media/backend/src/rest-resources/routes/api/v1/index.js
- /home/gs/Documents/projects/social-media/backend/src/rest-resources/routes/api/index.js
- /home/gs/Documents/projects/social-media/backend/src/rest-resources/routes/index.js
- /home/gs/Documents/projects/social-media/backend/src/rest-resources/index.js
- /home/gs/Documents/projects/social-media/backend/index.js
    at Function._resolveFilename (node:internal/modules/cjs/loader:1249:15)
    at Function._load (node:internal/modules/cjs/loader:1075:27)
    at TracingChannel.traceSync (node:diagnostics_channel:315:14)
    at wrapModuleLoad (node:internal/modules/cjs/loader:218:24)
    at Module.require (node:internal/modules/cjs/loader:1340:12)
    at require (node:internal/modules/helpers:141:16)
    at Object.<anonymous> (/home/gs/Documents/projects/social-media/backend/src/rest-resources/controllers/user.controller.js:1:1)
    at Module._compile (node:internal/modules/cjs/loader:1546:14)
    at Module._compile (/home/gs/Documents/projects/social-media/backend/node_modules/pirates/lib/index.js:117:24)
    at node:internal/modules/cjs/loader:1689:10
    at Object.newLoader [as .js] (/home/gs/Documents/projects/social-media/backend/node_modules/pirates/lib/index.js:121:7)
    at Module.load (node:internal/modules/cjs/loader:1318:32)
    at Function._load (node:internal/modules/cjs/loader:1128:12)
    at TracingChannel.traceSync (node:diagnostics_channel:315:14)
    at wrapModuleLoad (node:internal/modules/cjs/loader:218:24)
    at Module.require (node:internal/modules/cjs/loader:1340:12)
    at require (node:internal/modules/helpers:141:16)
    at Object.<anonymous> (/home/gs/Documents/projects/social-media/backend/src/rest-resources/routes/api/v1/user.route.js:2:1)
    at Module._compile (node:internal/modules/cjs/loader:1546:14)
    at Module._compile (/home/gs/Documents/projects/social-media/backend/node_modules/pirates/lib/index.js:117:24)
    at node:internal/modules/cjs/loader:1689:10
    at Object.newLoader [as .js] (/home/gs/Documents/projects/social-media/backend/node_modules/pirates/lib/index.js:121:7)
    at Module.load (node:internal/modules/cjs/loader:1318:32)
    at Function._load (node:internal/modules/cjs/loader:1128:12)
    at TracingChannel.traceSync (node:diagnostics_channel:315:14)
    at wrapModuleLoad (node:internal/modules/cjs/loader:218:24)
    at Module.require (node:internal/modules/cjs/loader:1340:12)
    at require (node:internal/modules/helpers:141:16)
    at Object.<anonymous> (/home/gs/Documents/projects/social-media/backend/src/rest-resources/routes/api/v1/index.js:2:1)
    at Module._compile (node:internal/modules/cjs/loader:1546:14)
    at Module._compile (/home/gs/Documents/projects/social-media/backend/node_modules/pirates/lib/index.js:117:24)
    at node:internal/modules/cjs/loader:1689:10
    at Object.newLoader [as .js] (/home/gs/Documents/projects/social-media/backend/node_modules/pirates/lib/index.js:121:7)
    at Module.load (node:internal/modules/cjs/loader:1318:32)
    at Function._load (node:internal/modules/cjs/loader:1128:12)
    at TracingChannel.traceSync (node:diagnostics_channel:315:14)
    at wrapModuleLoad (node:internal/modules/cjs/loader:218:24)
    at Module.require (node:internal/modules/cjs/loader:1340:12)
    at require (node:internal/modules/helpers:141:16)
    at Object.<anonymous> (/home/gs/Documents/projects/social-media/backend/src/rest-resources/routes/api/index.js:2:1)
    at Module._compile (node:internal/modules/cjs/loader:1546:14)
    at Module._compile (/home/gs/Documents/projects/social-media/backend/node_modules/pirates/lib/index.js:117:24)
    at node:internal/modules/cjs/loader:1689:10
    at Object.newLoader [as .js] (/home/gs/Documents/projects/social-media/backend/node_modules/pirates/lib/index.js:121:7)
    at Module.load (node:internal/modules/cjs/loader:1318:32)
    at Function._load (node:internal/modules/cjs/loader:1128:12)
    at TracingChannel.traceSync (node:diagnostics_channel:315:14)
    at wrapModuleLoad (node:internal/modules/cjs/loader:218:24)
    at Module.require (node:internal/modules/cjs/loader:1340:12)
    at require (node:internal/modules/helpers:141:16)
[PID 436796] [2025-03-04T10:11:00.087Z] Backoffice-API [32mINFO[39m: Server Started  Message: Listening on 3000 
========================================[Service Started: CreateUserService]========================================
[PID 436796] [2025-03-04T10:11:09.921Z] Backoffice-API [32mINFO[39m: Executing (default): SELECT "id", "name", "email", "password", "age", "city", "eligible", "dob", "mobile", "gender", "private_account", "otp", "created_at" AS "_0", "updated_at" AS "_1" FROM "users" AS "User" WHERE "User"."email" = 'rp6568589@gmail.com';
========================================[Service Finished: CreateUserService]========================================
[PID 436796] [2025-03-04T10:11:09.927Z] Backoffice-API [34mDEBUG[39m: EmailExistsError in /api/v1/user/create Message: Email already exists context: {
  traceId: 'BnGpkvxV7cuQbahxBhjCF',
  query: {},
  params: {},
  body: {
    name: 'rohit Prajapati',
    email: 'rp6568589@gmail.com',
    password: 'action@1234',
    age: 34,
    city: 'indore',
    eligible: true,
    dob: '2015-12-12',
    mobile: '1212121212',
    gender: 'female',
    private_account: true
  }
} 
[PID 436796] [2025-03-04T10:11:09.930Z] Backoffice-API [32mINFO[39m: POST /api/v1/user/create 400 104 - 47.010 ms
========================================[Service Started: LoginService]========================================
[PID 436796] [2025-03-04T10:11:40.340Z] Backoffice-API [32mINFO[39m: Executing (default): SELECT "id", "name", "email", "password", "age", "city", "eligible", "dob", "mobile", "gender", "private_account", "otp", "created_at" AS "_0", "updated_at" AS "_1" FROM "users" AS "User" WHERE "User"."email" = 'rp6568589@gmail.com';
========================================[Service Finished: LoginService]========================================
[PID 436796] [2025-03-04T10:11:40.394Z] Backoffice-API [32mINFO[39m: POST /api/v1/auth/login 200 960 - 63.741 ms
[PID 436796] [2025-03-04T10:12:06.450Z] Backoffice-API [32mINFO[39m: Executing (default): SELECT "id", "name", "email", "password", "age", "city", "eligible", "dob", "mobile", "gender", "private_account", "otp", "created_at" AS "_0", "updated_at" AS "_1" FROM "users" AS "User" WHERE "User"."id" = 420;
========================================[Service Started: GetPostService]========================================
[PID 436796] [2025-03-04T10:12:06.454Z] Backoffice-API [32mINFO[39m: Executing (default): SELECT "Post"."id", "Post"."description", "Post"."location", "Post"."img_url", "Post"."like", "Post"."comment", "Post"."user_id", "Post"."created_at", "Post"."updated_at", "Post"."created_at" AS "_0", "Post"."updated_at" AS "_1", "comments"."id" AS "_2", "comments"."description" AS "_3", "comments"."like" AS "_4", "comments"."comment" AS "_5", "comments"."post_id" AS "_6", "comments"."user_id" AS "_7", "comments"."created_at" AS "_8", "comments"."updated_at" AS "_9", "comments"."post_id" AS "_10" FROM "posts" AS "Post" LEFT OUTER JOIN "comments" AS "comments" ON "Post"."id" = "comments"."post_id";
========================================[Service Finished: GetPostService]========================================
[PID 436796] [2025-03-04T10:12:06.480Z] Backoffice-API [32mINFO[39m: GET /api/v1/post/get 200 - - 34.960 ms
========================================[Service Started: GetUsersService]========================================
[PID 436796] [2025-03-04T10:12:42.747Z] Backoffice-API [32mINFO[39m: Executing (default): SELECT "User"."id", "User"."name", "User"."email", "User"."password", "User"."age", "User"."city", "User"."eligible", "User"."dob", "User"."mobile", "User"."gender", "User"."private_account", "User"."otp", "User"."created_at" AS "_0", "User"."updated_at" AS "_1", "follower"."id" AS "_2", "follower"."following_id" AS "_3", "follower"."follower_id" AS "_4", "follower"."created_at" AS "_5", "follower"."updated_at" AS "_6", "follower"."following_id" AS "_7", "follower"."follower_id" AS "_8", "following"."id" AS "_9", "following"."following_id" AS "_10", "following"."follower_id" AS "_11", "following"."created_at" AS "_12", "following"."updated_at" AS "_13", "following"."following_id" AS "_14", "following"."follower_id" AS "_15" FROM "users" AS "User" LEFT OUTER JOIN "follows" AS "follower" ON "User"."id" = "follower"."follower_id" LEFT OUTER JOIN "follows" AS "following" ON "User"."id" = "following"."following_id";
========================================[Service Finished: GetUsersService]========================================
[PID 436796] [2025-03-04T10:12:42.786Z] Backoffice-API [32mINFO[39m: GET /api/v1/user/get 200 - - 45.602 ms
[PID 436796] [2025-03-04T10:13:04.675Z] Backoffice-API [32mINFO[39m: Shutting down server Message: Received SIGINT 
