[PID 285744] [2025-03-03T11:03:02.001Z] Backoffice-API [31mERROR[39m: uncaughtException: Cannot find module '../../helpers/response.helpers.js'
Require stack:
- /home/gs/Documents/projects/social-media/backend/src/rest-resources/controllers/user.controller.js
- /home/gs/Documents/projects/social-media/backend/src/rest-resources/routes/api/v1/user.route.js
- /home/gs/Documents/projects/social-media/backend/src/rest-resources/routes/api/v1/index.js
- /home/gs/Documents/projects/social-media/backend/src/rest-resources/routes/api/index.js
- /home/gs/Documents/projects/social-media/backend/src/rest-resources/routes/index.js
- /home/gs/Documents/projects/social-media/backend/src/rest-resources/index.js
- /home/gs/Documents/projects/social-media/backend/index.js
Error: Cannot find module '../../helpers/response.helpers.js'
Require stack:
- /home/gs/Documents/projects/social-media/backend/src/rest-resources/controllers/user.controller.js
- /home/gs/Documents/projects/social-media/backend/src/rest-resources/routes/api/v1/user.route.js
- /home/gs/Documents/projects/social-media/backend/src/rest-resources/routes/api/v1/index.js
- /home/gs/Documents/projects/social-media/backend/src/rest-resources/routes/api/index.js
- /home/gs/Documents/projects/social-media/backend/src/rest-resources/routes/index.js
- /home/gs/Documents/projects/social-media/backend/src/rest-resources/index.js
- /home/gs/Documents/projects/social-media/backend/index.js
    at Function._resolveFilename (node:internal/modules/cjs/loader:1249:15)
    at Function._load (node:internal/modules/cjs/loader:1075:27)
    at TracingChannel.traceSync (node:diagnostics_channel:315:14)
    at wrapModuleLoad (node:internal/modules/cjs/loader:218:24)
    at Module.require (node:internal/modules/cjs/loader:1340:12)
    at require (node:internal/modules/helpers:141:16)
    at Object.<anonymous> (/home/gs/Documents/projects/social-media/backend/src/rest-resources/controllers/user.controller.js:1:1)
    at Module._compile (node:internal/modules/cjs/loader:1546:14)
    at Module._compile (/home/gs/Documents/projects/social-media/backend/node_modules/pirates/lib/index.js:117:24)
    at node:internal/modules/cjs/loader:1689:10
    at Object.newLoader [as .js] (/home/gs/Documents/projects/social-media/backend/node_modules/pirates/lib/index.js:121:7)
    at Module.load (node:internal/modules/cjs/loader:1318:32)
    at Function._load (node:internal/modules/cjs/loader:1128:12)
    at TracingChannel.traceSync (node:diagnostics_channel:315:14)
    at wrapModuleLoad (node:internal/modules/cjs/loader:218:24)
    at Module.require (node:internal/modules/cjs/loader:1340:12)
    at require (node:internal/modules/helpers:141:16)
    at Object.<anonymous> (/home/gs/Documents/projects/social-media/backend/src/rest-resources/routes/api/v1/user.route.js:2:1)
    at Module._compile (node:internal/modules/cjs/loader:1546:14)
    at Module._compile (/home/gs/Documents/projects/social-media/backend/node_modules/pirates/lib/index.js:117:24)
    at node:internal/modules/cjs/loader:1689:10
    at Object.newLoader [as .js] (/home/gs/Documents/projects/social-media/backend/node_modules/pirates/lib/index.js:121:7)
    at Module.load (node:internal/modules/cjs/loader:1318:32)
    at Function._load (node:internal/modules/cjs/loader:1128:12)
    at TracingChannel.traceSync (node:diagnostics_channel:315:14)
    at wrapModuleLoad (node:internal/modules/cjs/loader:218:24)
    at Module.require (node:internal/modules/cjs/loader:1340:12)
    at require (node:internal/modules/helpers:141:16)
    at Object.<anonymous> (/home/gs/Documents/projects/social-media/backend/src/rest-resources/routes/api/v1/index.js:2:1)
    at Module._compile (node:internal/modules/cjs/loader:1546:14)
    at Module._compile (/home/gs/Documents/projects/social-media/backend/node_modules/pirates/lib/index.js:117:24)
    at node:internal/modules/cjs/loader:1689:10
    at Object.newLoader [as .js] (/home/gs/Documents/projects/social-media/backend/node_modules/pirates/lib/index.js:121:7)
    at Module.load (node:internal/modules/cjs/loader:1318:32)
    at Function._load (node:internal/modules/cjs/loader:1128:12)
    at TracingChannel.traceSync (node:diagnostics_channel:315:14)
    at wrapModuleLoad (node:internal/modules/cjs/loader:218:24)
    at Module.require (node:internal/modules/cjs/loader:1340:12)
    at require (node:internal/modules/helpers:141:16)
    at Object.<anonymous> (/home/gs/Documents/projects/social-media/backend/src/rest-resources/routes/api/index.js:2:1)
    at Module._compile (node:internal/modules/cjs/loader:1546:14)
    at Module._compile (/home/gs/Documents/projects/social-media/backend/node_modules/pirates/lib/index.js:117:24)
    at node:internal/modules/cjs/loader:1689:10
    at Object.newLoader [as .js] (/home/gs/Documents/projects/social-media/backend/node_modules/pirates/lib/index.js:121:7)
    at Module.load (node:internal/modules/cjs/loader:1318:32)
    at Function._load (node:internal/modules/cjs/loader:1128:12)
    at TracingChannel.traceSync (node:diagnostics_channel:315:14)
    at wrapModuleLoad (node:internal/modules/cjs/loader:218:24)
    at Module.require (node:internal/modules/cjs/loader:1340:12)
    at require (node:internal/modules/helpers:141:16)
[PID 7176] [2025-03-03T11:06:16.956Z] Backoffice-API [31mERROR[39m: uncaughtException: Cannot find module '../../helpers/response.helpers.js'
Require stack:
- /home/gs/Documents/projects/social-media/backend/src/rest-resources/controllers/user.controller.js
- /home/gs/Documents/projects/social-media/backend/src/rest-resources/routes/api/v1/user.route.js
- /home/gs/Documents/projects/social-media/backend/src/rest-resources/routes/api/v1/index.js
- /home/gs/Documents/projects/social-media/backend/src/rest-resources/routes/api/index.js
- /home/gs/Documents/projects/social-media/backend/src/rest-resources/routes/index.js
- /home/gs/Documents/projects/social-media/backend/src/rest-resources/index.js
- /home/gs/Documents/projects/social-media/backend/index.js
Error: Cannot find module '../../helpers/response.helpers.js'
Require stack:
- /home/gs/Documents/projects/social-media/backend/src/rest-resources/controllers/user.controller.js
- /home/gs/Documents/projects/social-media/backend/src/rest-resources/routes/api/v1/user.route.js
- /home/gs/Documents/projects/social-media/backend/src/rest-resources/routes/api/v1/index.js
- /home/gs/Documents/projects/social-media/backend/src/rest-resources/routes/api/index.js
- /home/gs/Documents/projects/social-media/backend/src/rest-resources/routes/index.js
- /home/gs/Documents/projects/social-media/backend/src/rest-resources/index.js
- /home/gs/Documents/projects/social-media/backend/index.js
    at Function._resolveFilename (node:internal/modules/cjs/loader:1249:15)
    at Function._load (node:internal/modules/cjs/loader:1075:27)
    at TracingChannel.traceSync (node:diagnostics_channel:315:14)
    at wrapModuleLoad (node:internal/modules/cjs/loader:218:24)
    at Module.require (node:internal/modules/cjs/loader:1340:12)
    at require (node:internal/modules/helpers:141:16)
    at Object.<anonymous> (/home/gs/Documents/projects/social-media/backend/src/rest-resources/controllers/user.controller.js:1:1)
    at Module._compile (node:internal/modules/cjs/loader:1546:14)
    at Module._compile (/home/gs/Documents/projects/social-media/backend/node_modules/pirates/lib/index.js:117:24)
    at node:internal/modules/cjs/loader:1689:10
    at Object.newLoader [as .js] (/home/gs/Documents/projects/social-media/backend/node_modules/pirates/lib/index.js:121:7)
    at Module.load (node:internal/modules/cjs/loader:1318:32)
    at Function._load (node:internal/modules/cjs/loader:1128:12)
    at TracingChannel.traceSync (node:diagnostics_channel:315:14)
    at wrapModuleLoad (node:internal/modules/cjs/loader:218:24)
    at Module.require (node:internal/modules/cjs/loader:1340:12)
    at require (node:internal/modules/helpers:141:16)
    at Object.<anonymous> (/home/gs/Documents/projects/social-media/backend/src/rest-resources/routes/api/v1/user.route.js:2:1)
    at Module._compile (node:internal/modules/cjs/loader:1546:14)
    at Module._compile (/home/gs/Documents/projects/social-media/backend/node_modules/pirates/lib/index.js:117:24)
    at node:internal/modules/cjs/loader:1689:10
    at Object.newLoader [as .js] (/home/gs/Documents/projects/social-media/backend/node_modules/pirates/lib/index.js:121:7)
    at Module.load (node:internal/modules/cjs/loader:1318:32)
    at Function._load (node:internal/modules/cjs/loader:1128:12)
    at TracingChannel.traceSync (node:diagnostics_channel:315:14)
    at wrapModuleLoad (node:internal/modules/cjs/loader:218:24)
    at Module.require (node:internal/modules/cjs/loader:1340:12)
    at require (node:internal/modules/helpers:141:16)
    at Object.<anonymous> (/home/gs/Documents/projects/social-media/backend/src/rest-resources/routes/api/v1/index.js:2:1)
    at Module._compile (node:internal/modules/cjs/loader:1546:14)
    at Module._compile (/home/gs/Documents/projects/social-media/backend/node_modules/pirates/lib/index.js:117:24)
    at node:internal/modules/cjs/loader:1689:10
    at Object.newLoader [as .js] (/home/gs/Documents/projects/social-media/backend/node_modules/pirates/lib/index.js:121:7)
    at Module.load (node:internal/modules/cjs/loader:1318:32)
    at Function._load (node:internal/modules/cjs/loader:1128:12)
    at TracingChannel.traceSync (node:diagnostics_channel:315:14)
    at wrapModuleLoad (node:internal/modules/cjs/loader:218:24)
    at Module.require (node:internal/modules/cjs/loader:1340:12)
    at require (node:internal/modules/helpers:141:16)
    at Object.<anonymous> (/home/gs/Documents/projects/social-media/backend/src/rest-resources/routes/api/index.js:2:1)
    at Module._compile (node:internal/modules/cjs/loader:1546:14)
    at Module._compile (/home/gs/Documents/projects/social-media/backend/node_modules/pirates/lib/index.js:117:24)
    at node:internal/modules/cjs/loader:1689:10
    at Object.newLoader [as .js] (/home/gs/Documents/projects/social-media/backend/node_modules/pirates/lib/index.js:121:7)
    at Module.load (node:internal/modules/cjs/loader:1318:32)
    at Function._load (node:internal/modules/cjs/loader:1128:12)
    at TracingChannel.traceSync (node:diagnostics_channel:315:14)
    at wrapModuleLoad (node:internal/modules/cjs/loader:218:24)
    at Module.require (node:internal/modules/cjs/loader:1340:12)
    at require (node:internal/modules/helpers:141:16)
[PID 8819] [2025-03-03T11:07:55.637Z] Backoffice-API [31mERROR[39m: uncaughtException: Cannot find module '../../helpers'
Require stack:
- /home/gs/Documents/projects/social-media/backend/src/rest-resources/controllers/user.controller.js
- /home/gs/Documents/projects/social-media/backend/src/rest-resources/routes/api/v1/user.route.js
- /home/gs/Documents/projects/social-media/backend/src/rest-resources/routes/api/v1/index.js
- /home/gs/Documents/projects/social-media/backend/src/rest-resources/routes/api/index.js
- /home/gs/Documents/projects/social-media/backend/src/rest-resources/routes/index.js
- /home/gs/Documents/projects/social-media/backend/src/rest-resources/index.js
- /home/gs/Documents/projects/social-media/backend/index.js
Error: Cannot find module '../../helpers'
Require stack:
- /home/gs/Documents/projects/social-media/backend/src/rest-resources/controllers/user.controller.js
- /home/gs/Documents/projects/social-media/backend/src/rest-resources/routes/api/v1/user.route.js
- /home/gs/Documents/projects/social-media/backend/src/rest-resources/routes/api/v1/index.js
- /home/gs/Documents/projects/social-media/backend/src/rest-resources/routes/api/index.js
- /home/gs/Documents/projects/social-media/backend/src/rest-resources/routes/index.js
- /home/gs/Documents/projects/social-media/backend/src/rest-resources/index.js
- /home/gs/Documents/projects/social-media/backend/index.js
    at Function._resolveFilename (node:internal/modules/cjs/loader:1249:15)
    at Function._load (node:internal/modules/cjs/loader:1075:27)
    at TracingChannel.traceSync (node:diagnostics_channel:315:14)
    at wrapModuleLoad (node:internal/modules/cjs/loader:218:24)
    at Module.require (node:internal/modules/cjs/loader:1340:12)
    at require (node:internal/modules/helpers:141:16)
    at Object.<anonymous> (/home/gs/Documents/projects/social-media/backend/src/rest-resources/controllers/user.controller.js:1:1)
    at Module._compile (node:internal/modules/cjs/loader:1546:14)
    at Module._compile (/home/gs/Documents/projects/social-media/backend/node_modules/pirates/lib/index.js:117:24)
    at node:internal/modules/cjs/loader:1689:10
    at Object.newLoader [as .js] (/home/gs/Documents/projects/social-media/backend/node_modules/pirates/lib/index.js:121:7)
    at Module.load (node:internal/modules/cjs/loader:1318:32)
    at Function._load (node:internal/modules/cjs/loader:1128:12)
    at TracingChannel.traceSync (node:diagnostics_channel:315:14)
    at wrapModuleLoad (node:internal/modules/cjs/loader:218:24)
    at Module.require (node:internal/modules/cjs/loader:1340:12)
    at require (node:internal/modules/helpers:141:16)
    at Object.<anonymous> (/home/gs/Documents/projects/social-media/backend/src/rest-resources/routes/api/v1/user.route.js:2:1)
    at Module._compile (node:internal/modules/cjs/loader:1546:14)
    at Module._compile (/home/gs/Documents/projects/social-media/backend/node_modules/pirates/lib/index.js:117:24)
    at node:internal/modules/cjs/loader:1689:10
    at Object.newLoader [as .js] (/home/gs/Documents/projects/social-media/backend/node_modules/pirates/lib/index.js:121:7)
    at Module.load (node:internal/modules/cjs/loader:1318:32)
    at Function._load (node:internal/modules/cjs/loader:1128:12)
    at TracingChannel.traceSync (node:diagnostics_channel:315:14)
    at wrapModuleLoad (node:internal/modules/cjs/loader:218:24)
    at Module.require (node:internal/modules/cjs/loader:1340:12)
    at require (node:internal/modules/helpers:141:16)
    at Object.<anonymous> (/home/gs/Documents/projects/social-media/backend/src/rest-resources/routes/api/v1/index.js:2:1)
    at Module._compile (node:internal/modules/cjs/loader:1546:14)
    at Module._compile (/home/gs/Documents/projects/social-media/backend/node_modules/pirates/lib/index.js:117:24)
    at node:internal/modules/cjs/loader:1689:10
    at Object.newLoader [as .js] (/home/gs/Documents/projects/social-media/backend/node_modules/pirates/lib/index.js:121:7)
    at Module.load (node:internal/modules/cjs/loader:1318:32)
    at Function._load (node:internal/modules/cjs/loader:1128:12)
    at TracingChannel.traceSync (node:diagnostics_channel:315:14)
    at wrapModuleLoad (node:internal/modules/cjs/loader:218:24)
    at Module.require (node:internal/modules/cjs/loader:1340:12)
    at require (node:internal/modules/helpers:141:16)
    at Object.<anonymous> (/home/gs/Documents/projects/social-media/backend/src/rest-resources/routes/api/index.js:2:1)
    at Module._compile (node:internal/modules/cjs/loader:1546:14)
    at Module._compile (/home/gs/Documents/projects/social-media/backend/node_modules/pirates/lib/index.js:117:24)
    at node:internal/modules/cjs/loader:1689:10
    at Object.newLoader [as .js] (/home/gs/Documents/projects/social-media/backend/node_modules/pirates/lib/index.js:121:7)
    at Module.load (node:internal/modules/cjs/loader:1318:32)
    at Function._load (node:internal/modules/cjs/loader:1128:12)
    at TracingChannel.traceSync (node:diagnostics_channel:315:14)
    at wrapModuleLoad (node:internal/modules/cjs/loader:218:24)
    at Module.require (node:internal/modules/cjs/loader:1340:12)
    at require (node:internal/modules/helpers:141:16)
[PID 8861] [2025-03-03T11:07:56.860Z] Backoffice-API [31mERROR[39m: uncaughtException: Cannot find module '../../helpers/'
Require stack:
- /home/gs/Documents/projects/social-media/backend/src/rest-resources/controllers/user.controller.js
- /home/gs/Documents/projects/social-media/backend/src/rest-resources/routes/api/v1/user.route.js
- /home/gs/Documents/projects/social-media/backend/src/rest-resources/routes/api/v1/index.js
- /home/gs/Documents/projects/social-media/backend/src/rest-resources/routes/api/index.js
- /home/gs/Documents/projects/social-media/backend/src/rest-resources/routes/index.js
- /home/gs/Documents/projects/social-media/backend/src/rest-resources/index.js
- /home/gs/Documents/projects/social-media/backend/index.js
Error: Cannot find module '../../helpers/'
Require stack:
- /home/gs/Documents/projects/social-media/backend/src/rest-resources/controllers/user.controller.js
- /home/gs/Documents/projects/social-media/backend/src/rest-resources/routes/api/v1/user.route.js
- /home/gs/Documents/projects/social-media/backend/src/rest-resources/routes/api/v1/index.js
- /home/gs/Documents/projects/social-media/backend/src/rest-resources/routes/api/index.js
- /home/gs/Documents/projects/social-media/backend/src/rest-resources/routes/index.js
- /home/gs/Documents/projects/social-media/backend/src/rest-resources/index.js
- /home/gs/Documents/projects/social-media/backend/index.js
    at Function._resolveFilename (node:internal/modules/cjs/loader:1249:15)
    at Function._load (node:internal/modules/cjs/loader:1075:27)
    at TracingChannel.traceSync (node:diagnostics_channel:315:14)
    at wrapModuleLoad (node:internal/modules/cjs/loader:218:24)
    at Module.require (node:internal/modules/cjs/loader:1340:12)
    at require (node:internal/modules/helpers:141:16)
    at Object.<anonymous> (/home/gs/Documents/projects/social-media/backend/src/rest-resources/controllers/user.controller.js:1:1)
    at Module._compile (node:internal/modules/cjs/loader:1546:14)
    at Module._compile (/home/gs/Documents/projects/social-media/backend/node_modules/pirates/lib/index.js:117:24)
    at node:internal/modules/cjs/loader:1689:10
    at Object.newLoader [as .js] (/home/gs/Documents/projects/social-media/backend/node_modules/pirates/lib/index.js:121:7)
    at Module.load (node:internal/modules/cjs/loader:1318:32)
    at Function._load (node:internal/modules/cjs/loader:1128:12)
    at TracingChannel.traceSync (node:diagnostics_channel:315:14)
    at wrapModuleLoad (node:internal/modules/cjs/loader:218:24)
    at Module.require (node:internal/modules/cjs/loader:1340:12)
    at require (node:internal/modules/helpers:141:16)
    at Object.<anonymous> (/home/gs/Documents/projects/social-media/backend/src/rest-resources/routes/api/v1/user.route.js:2:1)
    at Module._compile (node:internal/modules/cjs/loader:1546:14)
    at Module._compile (/home/gs/Documents/projects/social-media/backend/node_modules/pirates/lib/index.js:117:24)
    at node:internal/modules/cjs/loader:1689:10
    at Object.newLoader [as .js] (/home/gs/Documents/projects/social-media/backend/node_modules/pirates/lib/index.js:121:7)
    at Module.load (node:internal/modules/cjs/loader:1318:32)
    at Function._load (node:internal/modules/cjs/loader:1128:12)
    at TracingChannel.traceSync (node:diagnostics_channel:315:14)
    at wrapModuleLoad (node:internal/modules/cjs/loader:218:24)
    at Module.require (node:internal/modules/cjs/loader:1340:12)
    at require (node:internal/modules/helpers:141:16)
    at Object.<anonymous> (/home/gs/Documents/projects/social-media/backend/src/rest-resources/routes/api/v1/index.js:2:1)
    at Module._compile (node:internal/modules/cjs/loader:1546:14)
    at Module._compile (/home/gs/Documents/projects/social-media/backend/node_modules/pirates/lib/index.js:117:24)
    at node:internal/modules/cjs/loader:1689:10
    at Object.newLoader [as .js] (/home/gs/Documents/projects/social-media/backend/node_modules/pirates/lib/index.js:121:7)
    at Module.load (node:internal/modules/cjs/loader:1318:32)
    at Function._load (node:internal/modules/cjs/loader:1128:12)
    at TracingChannel.traceSync (node:diagnostics_channel:315:14)
    at wrapModuleLoad (node:internal/modules/cjs/loader:218:24)
    at Module.require (node:internal/modules/cjs/loader:1340:12)
    at require (node:internal/modules/helpers:141:16)
    at Object.<anonymous> (/home/gs/Documents/projects/social-media/backend/src/rest-resources/routes/api/index.js:2:1)
    at Module._compile (node:internal/modules/cjs/loader:1546:14)
    at Module._compile (/home/gs/Documents/projects/social-media/backend/node_modules/pirates/lib/index.js:117:24)
    at node:internal/modules/cjs/loader:1689:10
    at Object.newLoader [as .js] (/home/gs/Documents/projects/social-media/backend/node_modules/pirates/lib/index.js:121:7)
    at Module.load (node:internal/modules/cjs/loader:1318:32)
    at Function._load (node:internal/modules/cjs/loader:1128:12)
    at TracingChannel.traceSync (node:diagnostics_channel:315:14)
    at wrapModuleLoad (node:internal/modules/cjs/loader:218:24)
    at Module.require (node:internal/modules/cjs/loader:1340:12)
    at require (node:internal/modules/helpers:141:16)
[PID 8932] [2025-03-03T11:08:00.170Z] Backoffice-API [31mERROR[39m: uncaughtException: Cannot find module '../../helpers'
Require stack:
- /home/gs/Documents/projects/social-media/backend/src/rest-resources/controllers/user.controller.js
- /home/gs/Documents/projects/social-media/backend/src/rest-resources/routes/api/v1/user.route.js
- /home/gs/Documents/projects/social-media/backend/src/rest-resources/routes/api/v1/index.js
- /home/gs/Documents/projects/social-media/backend/src/rest-resources/routes/api/index.js
- /home/gs/Documents/projects/social-media/backend/src/rest-resources/routes/index.js
- /home/gs/Documents/projects/social-media/backend/src/rest-resources/index.js
- /home/gs/Documents/projects/social-media/backend/index.js
Error: Cannot find module '../../helpers'
Require stack:
- /home/gs/Documents/projects/social-media/backend/src/rest-resources/controllers/user.controller.js
- /home/gs/Documents/projects/social-media/backend/src/rest-resources/routes/api/v1/user.route.js
- /home/gs/Documents/projects/social-media/backend/src/rest-resources/routes/api/v1/index.js
- /home/gs/Documents/projects/social-media/backend/src/rest-resources/routes/api/index.js
- /home/gs/Documents/projects/social-media/backend/src/rest-resources/routes/index.js
- /home/gs/Documents/projects/social-media/backend/src/rest-resources/index.js
- /home/gs/Documents/projects/social-media/backend/index.js
    at Function._resolveFilename (node:internal/modules/cjs/loader:1249:15)
    at Function._load (node:internal/modules/cjs/loader:1075:27)
    at TracingChannel.traceSync (node:diagnostics_channel:315:14)
    at wrapModuleLoad (node:internal/modules/cjs/loader:218:24)
    at Module.require (node:internal/modules/cjs/loader:1340:12)
    at require (node:internal/modules/helpers:141:16)
    at Object.<anonymous> (/home/gs/Documents/projects/social-media/backend/src/rest-resources/controllers/user.controller.js:1:1)
    at Module._compile (node:internal/modules/cjs/loader:1546:14)
    at Module._compile (/home/gs/Documents/projects/social-media/backend/node_modules/pirates/lib/index.js:117:24)
    at node:internal/modules/cjs/loader:1689:10
    at Object.newLoader [as .js] (/home/gs/Documents/projects/social-media/backend/node_modules/pirates/lib/index.js:121:7)
    at Module.load (node:internal/modules/cjs/loader:1318:32)
    at Function._load (node:internal/modules/cjs/loader:1128:12)
    at TracingChannel.traceSync (node:diagnostics_channel:315:14)
    at wrapModuleLoad (node:internal/modules/cjs/loader:218:24)
    at Module.require (node:internal/modules/cjs/loader:1340:12)
    at require (node:internal/modules/helpers:141:16)
    at Object.<anonymous> (/home/gs/Documents/projects/social-media/backend/src/rest-resources/routes/api/v1/user.route.js:2:1)
    at Module._compile (node:internal/modules/cjs/loader:1546:14)
    at Module._compile (/home/gs/Documents/projects/social-media/backend/node_modules/pirates/lib/index.js:117:24)
    at node:internal/modules/cjs/loader:1689:10
    at Object.newLoader [as .js] (/home/gs/Documents/projects/social-media/backend/node_modules/pirates/lib/index.js:121:7)
    at Module.load (node:internal/modules/cjs/loader:1318:32)
    at Function._load (node:internal/modules/cjs/loader:1128:12)
    at TracingChannel.traceSync (node:diagnostics_channel:315:14)
    at wrapModuleLoad (node:internal/modules/cjs/loader:218:24)
    at Module.require (node:internal/modules/cjs/loader:1340:12)
    at require (node:internal/modules/helpers:141:16)
    at Object.<anonymous> (/home/gs/Documents/projects/social-media/backend/src/rest-resources/routes/api/v1/index.js:2:1)
    at Module._compile (node:internal/modules/cjs/loader:1546:14)
    at Module._compile (/home/gs/Documents/projects/social-media/backend/node_modules/pirates/lib/index.js:117:24)
    at node:internal/modules/cjs/loader:1689:10
    at Object.newLoader [as .js] (/home/gs/Documents/projects/social-media/backend/node_modules/pirates/lib/index.js:121:7)
    at Module.load (node:internal/modules/cjs/loader:1318:32)
    at Function._load (node:internal/modules/cjs/loader:1128:12)
    at TracingChannel.traceSync (node:diagnostics_channel:315:14)
    at wrapModuleLoad (node:internal/modules/cjs/loader:218:24)
    at Module.require (node:internal/modules/cjs/loader:1340:12)
    at require (node:internal/modules/helpers:141:16)
    at Object.<anonymous> (/home/gs/Documents/projects/social-media/backend/src/rest-resources/routes/api/index.js:2:1)
    at Module._compile (node:internal/modules/cjs/loader:1546:14)
    at Module._compile (/home/gs/Documents/projects/social-media/backend/node_modules/pirates/lib/index.js:117:24)
    at node:internal/modules/cjs/loader:1689:10
    at Object.newLoader [as .js] (/home/gs/Documents/projects/social-media/backend/node_modules/pirates/lib/index.js:121:7)
    at Module.load (node:internal/modules/cjs/loader:1318:32)
    at Function._load (node:internal/modules/cjs/loader:1128:12)
    at TracingChannel.traceSync (node:diagnostics_channel:315:14)
    at wrapModuleLoad (node:internal/modules/cjs/loader:218:24)
    at Module.require (node:internal/modules/cjs/loader:1340:12)
    at require (node:internal/modules/helpers:141:16)
[PID 9011] [2025-03-03T11:08:03.496Z] Backoffice-API [31mERROR[39m: uncaughtException: Cannot find module '../../helpers/response.helpers.js'
Require stack:
- /home/gs/Documents/projects/social-media/backend/src/rest-resources/controllers/auth.controller.js
- /home/gs/Documents/projects/social-media/backend/src/rest-resources/routes/api/v1/auth.route.js
- /home/gs/Documents/projects/social-media/backend/src/rest-resources/routes/api/v1/index.js
- /home/gs/Documents/projects/social-media/backend/src/rest-resources/routes/api/index.js
- /home/gs/Documents/projects/social-media/backend/src/rest-resources/routes/index.js
- /home/gs/Documents/projects/social-media/backend/src/rest-resources/index.js
- /home/gs/Documents/projects/social-media/backend/index.js
Error: Cannot find module '../../helpers/response.helpers.js'
Require stack:
- /home/gs/Documents/projects/social-media/backend/src/rest-resources/controllers/auth.controller.js
- /home/gs/Documents/projects/social-media/backend/src/rest-resources/routes/api/v1/auth.route.js
- /home/gs/Documents/projects/social-media/backend/src/rest-resources/routes/api/v1/index.js
- /home/gs/Documents/projects/social-media/backend/src/rest-resources/routes/api/index.js
- /home/gs/Documents/projects/social-media/backend/src/rest-resources/routes/index.js
- /home/gs/Documents/projects/social-media/backend/src/rest-resources/index.js
- /home/gs/Documents/projects/social-media/backend/index.js
    at Function._resolveFilename (node:internal/modules/cjs/loader:1249:15)
    at Function._load (node:internal/modules/cjs/loader:1075:27)
    at TracingChannel.traceSync (node:diagnostics_channel:315:14)
    at wrapModuleLoad (node:internal/modules/cjs/loader:218:24)
    at Module.require (node:internal/modules/cjs/loader:1340:12)
    at require (node:internal/modules/helpers:141:16)
    at Object.<anonymous> (/home/gs/Documents/projects/social-media/backend/src/rest-resources/controllers/auth.controller.js:1:1)
    at Module._compile (node:internal/modules/cjs/loader:1546:14)
    at Module._compile (/home/gs/Documents/projects/social-media/backend/node_modules/pirates/lib/index.js:117:24)
    at node:internal/modules/cjs/loader:1689:10
    at Object.newLoader [as .js] (/home/gs/Documents/projects/social-media/backend/node_modules/pirates/lib/index.js:121:7)
    at Module.load (node:internal/modules/cjs/loader:1318:32)
    at Function._load (node:internal/modules/cjs/loader:1128:12)
    at TracingChannel.traceSync (node:diagnostics_channel:315:14)
    at wrapModuleLoad (node:internal/modules/cjs/loader:218:24)
    at Module.require (node:internal/modules/cjs/loader:1340:12)
    at require (node:internal/modules/helpers:141:16)
    at Object.<anonymous> (/home/gs/Documents/projects/social-media/backend/src/rest-resources/routes/api/v1/auth.route.js:2:1)
    at Module._compile (node:internal/modules/cjs/loader:1546:14)
    at Module._compile (/home/gs/Documents/projects/social-media/backend/node_modules/pirates/lib/index.js:117:24)
    at node:internal/modules/cjs/loader:1689:10
    at Object.newLoader [as .js] (/home/gs/Documents/projects/social-media/backend/node_modules/pirates/lib/index.js:121:7)
    at Module.load (node:internal/modules/cjs/loader:1318:32)
    at Function._load (node:internal/modules/cjs/loader:1128:12)
    at TracingChannel.traceSync (node:diagnostics_channel:315:14)
    at wrapModuleLoad (node:internal/modules/cjs/loader:218:24)
    at Module.require (node:internal/modules/cjs/loader:1340:12)
    at require (node:internal/modules/helpers:141:16)
    at Object.<anonymous> (/home/gs/Documents/projects/social-media/backend/src/rest-resources/routes/api/v1/index.js:3:1)
    at Module._compile (node:internal/modules/cjs/loader:1546:14)
    at Module._compile (/home/gs/Documents/projects/social-media/backend/node_modules/pirates/lib/index.js:117:24)
    at node:internal/modules/cjs/loader:1689:10
    at Object.newLoader [as .js] (/home/gs/Documents/projects/social-media/backend/node_modules/pirates/lib/index.js:121:7)
    at Module.load (node:internal/modules/cjs/loader:1318:32)
    at Function._load (node:internal/modules/cjs/loader:1128:12)
    at TracingChannel.traceSync (node:diagnostics_channel:315:14)
    at wrapModuleLoad (node:internal/modules/cjs/loader:218:24)
    at Module.require (node:internal/modules/cjs/loader:1340:12)
    at require (node:internal/modules/helpers:141:16)
    at Object.<anonymous> (/home/gs/Documents/projects/social-media/backend/src/rest-resources/routes/api/index.js:2:1)
    at Module._compile (node:internal/modules/cjs/loader:1546:14)
    at Module._compile (/home/gs/Documents/projects/social-media/backend/node_modules/pirates/lib/index.js:117:24)
    at node:internal/modules/cjs/loader:1689:10
    at Object.newLoader [as .js] (/home/gs/Documents/projects/social-media/backend/node_modules/pirates/lib/index.js:121:7)
    at Module.load (node:internal/modules/cjs/loader:1318:32)
    at Function._load (node:internal/modules/cjs/loader:1128:12)
    at TracingChannel.traceSync (node:diagnostics_channel:315:14)
    at wrapModuleLoad (node:internal/modules/cjs/loader:218:24)
    at Module.require (node:internal/modules/cjs/loader:1340:12)
    at require (node:internal/modules/helpers:141:16)
[PID 9984] [2025-03-03T11:09:02.785Z] Backoffice-API [31mERROR[39m: uncaughtException: Cannot find module '../utils/error.utils'
Require stack:
- /home/gs/Documents/projects/social-media/backend/src/helpers/response.helpers.js
- /home/gs/Documents/projects/social-media/backend/src/rest-resources/controllers/auth.controller.js
- /home/gs/Documents/projects/social-media/backend/src/rest-resources/routes/api/v1/auth.route.js
- /home/gs/Documents/projects/social-media/backend/src/rest-resources/routes/api/v1/index.js
- /home/gs/Documents/projects/social-media/backend/src/rest-resources/routes/api/index.js
- /home/gs/Documents/projects/social-media/backend/src/rest-resources/routes/index.js
- /home/gs/Documents/projects/social-media/backend/src/rest-resources/index.js
- /home/gs/Documents/projects/social-media/backend/index.js
Error: Cannot find module '../utils/error.utils'
Require stack:
- /home/gs/Documents/projects/social-media/backend/src/helpers/response.helpers.js
- /home/gs/Documents/projects/social-media/backend/src/rest-resources/controllers/auth.controller.js
- /home/gs/Documents/projects/social-media/backend/src/rest-resources/routes/api/v1/auth.route.js
- /home/gs/Documents/projects/social-media/backend/src/rest-resources/routes/api/v1/index.js
- /home/gs/Documents/projects/social-media/backend/src/rest-resources/routes/api/index.js
- /home/gs/Documents/projects/social-media/backend/src/rest-resources/routes/index.js
- /home/gs/Documents/projects/social-media/backend/src/rest-resources/index.js
- /home/gs/Documents/projects/social-media/backend/index.js
    at Function._resolveFilename (node:internal/modules/cjs/loader:1249:15)
    at Function._load (node:internal/modules/cjs/loader:1075:27)
    at TracingChannel.traceSync (node:diagnostics_channel:315:14)
    at wrapModuleLoad (node:internal/modules/cjs/loader:218:24)
    at Module.require (node:internal/modules/cjs/loader:1340:12)
    at require (node:internal/modules/helpers:141:16)
    at Object.<anonymous> (/home/gs/Documents/projects/social-media/backend/src/helpers/response.helpers.js:4:1)
    at Module._compile (node:internal/modules/cjs/loader:1546:14)
    at Module._compile (/home/gs/Documents/projects/social-media/backend/node_modules/pirates/lib/index.js:117:24)
    at node:internal/modules/cjs/loader:1689:10
    at Object.newLoader [as .js] (/home/gs/Documents/projects/social-media/backend/node_modules/pirates/lib/index.js:121:7)
    at Module.load (node:internal/modules/cjs/loader:1318:32)
    at Function._load (node:internal/modules/cjs/loader:1128:12)
    at TracingChannel.traceSync (node:diagnostics_channel:315:14)
    at wrapModuleLoad (node:internal/modules/cjs/loader:218:24)
    at Module.require (node:internal/modules/cjs/loader:1340:12)
    at require (node:internal/modules/helpers:141:16)
    at Object.<anonymous> (/home/gs/Documents/projects/social-media/backend/src/rest-resources/controllers/auth.controller.js:1:1)
    at Module._compile (node:internal/modules/cjs/loader:1546:14)
    at Module._compile (/home/gs/Documents/projects/social-media/backend/node_modules/pirates/lib/index.js:117:24)
    at node:internal/modules/cjs/loader:1689:10
    at Object.newLoader [as .js] (/home/gs/Documents/projects/social-media/backend/node_modules/pirates/lib/index.js:121:7)
    at Module.load (node:internal/modules/cjs/loader:1318:32)
    at Function._load (node:internal/modules/cjs/loader:1128:12)
    at TracingChannel.traceSync (node:diagnostics_channel:315:14)
    at wrapModuleLoad (node:internal/modules/cjs/loader:218:24)
    at Module.require (node:internal/modules/cjs/loader:1340:12)
    at require (node:internal/modules/helpers:141:16)
    at Object.<anonymous> (/home/gs/Documents/projects/social-media/backend/src/rest-resources/routes/api/v1/auth.route.js:2:1)
    at Module._compile (node:internal/modules/cjs/loader:1546:14)
    at Module._compile (/home/gs/Documents/projects/social-media/backend/node_modules/pirates/lib/index.js:117:24)
    at node:internal/modules/cjs/loader:1689:10
    at Object.newLoader [as .js] (/home/gs/Documents/projects/social-media/backend/node_modules/pirates/lib/index.js:121:7)
    at Module.load (node:internal/modules/cjs/loader:1318:32)
    at Function._load (node:internal/modules/cjs/loader:1128:12)
    at TracingChannel.traceSync (node:diagnostics_channel:315:14)
    at wrapModuleLoad (node:internal/modules/cjs/loader:218:24)
    at Module.require (node:internal/modules/cjs/loader:1340:12)
    at require (node:internal/modules/helpers:141:16)
    at Object.<anonymous> (/home/gs/Documents/projects/social-media/backend/src/rest-resources/routes/api/v1/index.js:3:1)
    at Module._compile (node:internal/modules/cjs/loader:1546:14)
    at Module._compile (/home/gs/Documents/projects/social-media/backend/node_modules/pirates/lib/index.js:117:24)
    at node:internal/modules/cjs/loader:1689:10
    at Object.newLoader [as .js] (/home/gs/Documents/projects/social-media/backend/node_modules/pirates/lib/index.js:121:7)
    at Module.load (node:internal/modules/cjs/loader:1318:32)
    at Function._load (node:internal/modules/cjs/loader:1128:12)
    at TracingChannel.traceSync (node:diagnostics_channel:315:14)
    at wrapModuleLoad (node:internal/modules/cjs/loader:218:24)
    at Module.require (node:internal/modules/cjs/loader:1340:12)
    at require (node:internal/modules/helpers:141:16)
[PID 11073] [2025-03-03T11:10:17.609Z] Backoffice-API [31mERROR[39m: uncaughtException: Cannot find module '../utils/error.utils'
Require stack:
- /home/gs/Documents/projects/social-media/backend/src/helpers/response.helpers.js
- /home/gs/Documents/projects/social-media/backend/src/rest-resources/controllers/auth.controller.js
- /home/gs/Documents/projects/social-media/backend/src/rest-resources/routes/api/v1/auth.route.js
- /home/gs/Documents/projects/social-media/backend/src/rest-resources/routes/api/v1/index.js
- /home/gs/Documents/projects/social-media/backend/src/rest-resources/routes/api/index.js
- /home/gs/Documents/projects/social-media/backend/src/rest-resources/routes/index.js
- /home/gs/Documents/projects/social-media/backend/src/rest-resources/index.js
- /home/gs/Documents/projects/social-media/backend/index.js
Error: Cannot find module '../utils/error.utils'
Require stack:
- /home/gs/Documents/projects/social-media/backend/src/helpers/response.helpers.js
- /home/gs/Documents/projects/social-media/backend/src/rest-resources/controllers/auth.controller.js
- /home/gs/Documents/projects/social-media/backend/src/rest-resources/routes/api/v1/auth.route.js
- /home/gs/Documents/projects/social-media/backend/src/rest-resources/routes/api/v1/index.js
- /home/gs/Documents/projects/social-media/backend/src/rest-resources/routes/api/index.js
- /home/gs/Documents/projects/social-media/backend/src/rest-resources/routes/index.js
- /home/gs/Documents/projects/social-media/backend/src/rest-resources/index.js
- /home/gs/Documents/projects/social-media/backend/index.js
    at Function._resolveFilename (node:internal/modules/cjs/loader:1249:15)
    at Function._load (node:internal/modules/cjs/loader:1075:27)
    at TracingChannel.traceSync (node:diagnostics_channel:315:14)
    at wrapModuleLoad (node:internal/modules/cjs/loader:218:24)
    at Module.require (node:internal/modules/cjs/loader:1340:12)
    at require (node:internal/modules/helpers:141:16)
    at Object.<anonymous> (/home/gs/Documents/projects/social-media/backend/src/helpers/response.helpers.js:4:1)
    at Module._compile (node:internal/modules/cjs/loader:1546:14)
    at Module._compile (/home/gs/Documents/projects/social-media/backend/node_modules/pirates/lib/index.js:117:24)
    at node:internal/modules/cjs/loader:1689:10
    at Object.newLoader [as .js] (/home/gs/Documents/projects/social-media/backend/node_modules/pirates/lib/index.js:121:7)
    at Module.load (node:internal/modules/cjs/loader:1318:32)
    at Function._load (node:internal/modules/cjs/loader:1128:12)
    at TracingChannel.traceSync (node:diagnostics_channel:315:14)
    at wrapModuleLoad (node:internal/modules/cjs/loader:218:24)
    at Module.require (node:internal/modules/cjs/loader:1340:12)
    at require (node:internal/modules/helpers:141:16)
    at Object.<anonymous> (/home/gs/Documents/projects/social-media/backend/src/rest-resources/controllers/auth.controller.js:1:1)
    at Module._compile (node:internal/modules/cjs/loader:1546:14)
    at Module._compile (/home/gs/Documents/projects/social-media/backend/node_modules/pirates/lib/index.js:117:24)
    at node:internal/modules/cjs/loader:1689:10
    at Object.newLoader [as .js] (/home/gs/Documents/projects/social-media/backend/node_modules/pirates/lib/index.js:121:7)
    at Module.load (node:internal/modules/cjs/loader:1318:32)
    at Function._load (node:internal/modules/cjs/loader:1128:12)
    at TracingChannel.traceSync (node:diagnostics_channel:315:14)
    at wrapModuleLoad (node:internal/modules/cjs/loader:218:24)
    at Module.require (node:internal/modules/cjs/loader:1340:12)
    at require (node:internal/modules/helpers:141:16)
    at Object.<anonymous> (/home/gs/Documents/projects/social-media/backend/src/rest-resources/routes/api/v1/auth.route.js:2:1)
    at Module._compile (node:internal/modules/cjs/loader:1546:14)
    at Module._compile (/home/gs/Documents/projects/social-media/backend/node_modules/pirates/lib/index.js:117:24)
    at node:internal/modules/cjs/loader:1689:10
    at Object.newLoader [as .js] (/home/gs/Documents/projects/social-media/backend/node_modules/pirates/lib/index.js:121:7)
    at Module.load (node:internal/modules/cjs/loader:1318:32)
    at Function._load (node:internal/modules/cjs/loader:1128:12)
    at TracingChannel.traceSync (node:diagnostics_channel:315:14)
    at wrapModuleLoad (node:internal/modules/cjs/loader:218:24)
    at Module.require (node:internal/modules/cjs/loader:1340:12)
    at require (node:internal/modules/helpers:141:16)
    at Object.<anonymous> (/home/gs/Documents/projects/social-media/backend/src/rest-resources/routes/api/v1/index.js:3:1)
    at Module._compile (node:internal/modules/cjs/loader:1546:14)
    at Module._compile (/home/gs/Documents/projects/social-media/backend/node_modules/pirates/lib/index.js:117:24)
    at node:internal/modules/cjs/loader:1689:10
    at Object.newLoader [as .js] (/home/gs/Documents/projects/social-media/backend/node_modules/pirates/lib/index.js:121:7)
    at Module.load (node:internal/modules/cjs/loader:1318:32)
    at Function._load (node:internal/modules/cjs/loader:1128:12)
    at TracingChannel.traceSync (node:diagnostics_channel:315:14)
    at wrapModuleLoad (node:internal/modules/cjs/loader:218:24)
    at Module.require (node:internal/modules/cjs/loader:1340:12)
    at require (node:internal/modules/helpers:141:16)
[PID 11598] [2025-03-03T11:10:58.092Z] Backoffice-API [31mERROR[39m: uncaughtException: Cannot find module '../'
Require stack:
- /home/gs/Documents/projects/social-media/backend/src/helpers/response.helpers.js
- /home/gs/Documents/projects/social-media/backend/src/rest-resources/controllers/auth.controller.js
- /home/gs/Documents/projects/social-media/backend/src/rest-resources/routes/api/v1/auth.route.js
- /home/gs/Documents/projects/social-media/backend/src/rest-resources/routes/api/v1/index.js
- /home/gs/Documents/projects/social-media/backend/src/rest-resources/routes/api/index.js
- /home/gs/Documents/projects/social-media/backend/src/rest-resources/routes/index.js
- /home/gs/Documents/projects/social-media/backend/src/rest-resources/index.js
- /home/gs/Documents/projects/social-media/backend/index.js
Error: Cannot find module '../'
Require stack:
- /home/gs/Documents/projects/social-media/backend/src/helpers/response.helpers.js
- /home/gs/Documents/projects/social-media/backend/src/rest-resources/controllers/auth.controller.js
- /home/gs/Documents/projects/social-media/backend/src/rest-resources/routes/api/v1/auth.route.js
- /home/gs/Documents/projects/social-media/backend/src/rest-resources/routes/api/v1/index.js
- /home/gs/Documents/projects/social-media/backend/src/rest-resources/routes/api/index.js
- /home/gs/Documents/projects/social-media/backend/src/rest-resources/routes/index.js
- /home/gs/Documents/projects/social-media/backend/src/rest-resources/index.js
- /home/gs/Documents/projects/social-media/backend/index.js
    at Function._resolveFilename (node:internal/modules/cjs/loader:1249:15)
    at Function._load (node:internal/modules/cjs/loader:1075:27)
    at TracingChannel.traceSync (node:diagnostics_channel:315:14)
    at wrapModuleLoad (node:internal/modules/cjs/loader:218:24)
    at Module.require (node:internal/modules/cjs/loader:1340:12)
    at require (node:internal/modules/helpers:141:16)
    at Object.<anonymous> (/home/gs/Documents/projects/social-media/backend/src/helpers/response.helpers.js:4:1)
    at Module._compile (node:internal/modules/cjs/loader:1546:14)
    at Module._compile (/home/gs/Documents/projects/social-media/backend/node_modules/pirates/lib/index.js:117:24)
    at node:internal/modules/cjs/loader:1689:10
    at Object.newLoader [as .js] (/home/gs/Documents/projects/social-media/backend/node_modules/pirates/lib/index.js:121:7)
    at Module.load (node:internal/modules/cjs/loader:1318:32)
    at Function._load (node:internal/modules/cjs/loader:1128:12)
    at TracingChannel.traceSync (node:diagnostics_channel:315:14)
    at wrapModuleLoad (node:internal/modules/cjs/loader:218:24)
    at Module.require (node:internal/modules/cjs/loader:1340:12)
    at require (node:internal/modules/helpers:141:16)
    at Object.<anonymous> (/home/gs/Documents/projects/social-media/backend/src/rest-resources/controllers/auth.controller.js:1:1)
    at Module._compile (node:internal/modules/cjs/loader:1546:14)
    at Module._compile (/home/gs/Documents/projects/social-media/backend/node_modules/pirates/lib/index.js:117:24)
    at node:internal/modules/cjs/loader:1689:10
    at Object.newLoader [as .js] (/home/gs/Documents/projects/social-media/backend/node_modules/pirates/lib/index.js:121:7)
    at Module.load (node:internal/modules/cjs/loader:1318:32)
    at Function._load (node:internal/modules/cjs/loader:1128:12)
    at TracingChannel.traceSync (node:diagnostics_channel:315:14)
    at wrapModuleLoad (node:internal/modules/cjs/loader:218:24)
    at Module.require (node:internal/modules/cjs/loader:1340:12)
    at require (node:internal/modules/helpers:141:16)
    at Object.<anonymous> (/home/gs/Documents/projects/social-media/backend/src/rest-resources/routes/api/v1/auth.route.js:2:1)
    at Module._compile (node:internal/modules/cjs/loader:1546:14)
    at Module._compile (/home/gs/Documents/projects/social-media/backend/node_modules/pirates/lib/index.js:117:24)
    at node:internal/modules/cjs/loader:1689:10
    at Object.newLoader [as .js] (/home/gs/Documents/projects/social-media/backend/node_modules/pirates/lib/index.js:121:7)
    at Module.load (node:internal/modules/cjs/loader:1318:32)
    at Function._load (node:internal/modules/cjs/loader:1128:12)
    at TracingChannel.traceSync (node:diagnostics_channel:315:14)
    at wrapModuleLoad (node:internal/modules/cjs/loader:218:24)
    at Module.require (node:internal/modules/cjs/loader:1340:12)
    at require (node:internal/modules/helpers:141:16)
    at Object.<anonymous> (/home/gs/Documents/projects/social-media/backend/src/rest-resources/routes/api/v1/index.js:3:1)
    at Module._compile (node:internal/modules/cjs/loader:1546:14)
    at Module._compile (/home/gs/Documents/projects/social-media/backend/node_modules/pirates/lib/index.js:117:24)
    at node:internal/modules/cjs/loader:1689:10
    at Object.newLoader [as .js] (/home/gs/Documents/projects/social-media/backend/node_modules/pirates/lib/index.js:121:7)
    at Module.load (node:internal/modules/cjs/loader:1318:32)
    at Function._load (node:internal/modules/cjs/loader:1128:12)
    at TracingChannel.traceSync (node:diagnostics_channel:315:14)
    at wrapModuleLoad (node:internal/modules/cjs/loader:218:24)
    at Module.require (node:internal/modules/cjs/loader:1340:12)
    at require (node:internal/modules/helpers:141:16)
[PID 11770] [2025-03-03T11:11:23.259Z] Backoffice-API [31mERROR[39m: TokenExpiredError: jwt expired Message: No Message 
[PID 11770] [2025-03-03T11:11:29.445Z] Backoffice-API [31mERROR[39m: TypeError in /api/v1/user/get Message: (0 , _.sendResponse) is not a function context: { traceId: 'ME9Mt55m4764XOa7CKUzm', query: {}, params: {}, body: {} } 
[PID 14768] [2025-03-03T11:14:48.435Z] Backoffice-API [31mERROR[39m: TypeError in /api/v1/user/create Message: (0 , _.sendResponse) is not a function context: {
  traceId: '77hGG3DDdPTRmR5GtGo2-',
  query: {},
  params: {},
  body: {
    name: 'rohit Prajapati',
    email: 'rp6568589@gmail.com',
    password: 'action@1234',
    age: 34,
    city: 'indore',
    eligible: true,
    dob: '2015-12-12',
    mobile: '1212121212',
    gender: 'female',
    private_account: true
  }
} 
[PID 17094] [2025-03-03T11:17:17.910Z] Backoffice-API [31mERROR[39m: uncaughtException: Cannot find module '../../'
Require stack:
- /home/gs/Documents/projects/social-media/backend/src/rest-resources/controllers/auth.controller.js
- /home/gs/Documents/projects/social-media/backend/src/rest-resources/routes/api/v1/auth.route.js
- /home/gs/Documents/projects/social-media/backend/src/rest-resources/routes/api/v1/index.js
- /home/gs/Documents/projects/social-media/backend/src/rest-resources/routes/api/index.js
- /home/gs/Documents/projects/social-media/backend/src/rest-resources/routes/index.js
- /home/gs/Documents/projects/social-media/backend/src/rest-resources/index.js
- /home/gs/Documents/projects/social-media/backend/index.js
Error: Cannot find module '../../'
Require stack:
- /home/gs/Documents/projects/social-media/backend/src/rest-resources/controllers/auth.controller.js
- /home/gs/Documents/projects/social-media/backend/src/rest-resources/routes/api/v1/auth.route.js
- /home/gs/Documents/projects/social-media/backend/src/rest-resources/routes/api/v1/index.js
- /home/gs/Documents/projects/social-media/backend/src/rest-resources/routes/api/index.js
- /home/gs/Documents/projects/social-media/backend/src/rest-resources/routes/index.js
- /home/gs/Documents/projects/social-media/backend/src/rest-resources/index.js
- /home/gs/Documents/projects/social-media/backend/index.js
    at Function._resolveFilename (node:internal/modules/cjs/loader:1249:15)
    at Function._load (node:internal/modules/cjs/loader:1075:27)
    at TracingChannel.traceSync (node:diagnostics_channel:315:14)
    at wrapModuleLoad (node:internal/modules/cjs/loader:218:24)
    at Module.require (node:internal/modules/cjs/loader:1340:12)
    at require (node:internal/modules/helpers:141:16)
    at Object.<anonymous> (/home/gs/Documents/projects/social-media/backend/src/rest-resources/controllers/auth.controller.js:1:1)
    at Module._compile (node:internal/modules/cjs/loader:1546:14)
    at Module._compile (/home/gs/Documents/projects/social-media/backend/node_modules/pirates/lib/index.js:117:24)
    at node:internal/modules/cjs/loader:1689:10
    at Object.newLoader [as .js] (/home/gs/Documents/projects/social-media/backend/node_modules/pirates/lib/index.js:121:7)
    at Module.load (node:internal/modules/cjs/loader:1318:32)
    at Function._load (node:internal/modules/cjs/loader:1128:12)
    at TracingChannel.traceSync (node:diagnostics_channel:315:14)
    at wrapModuleLoad (node:internal/modules/cjs/loader:218:24)
    at Module.require (node:internal/modules/cjs/loader:1340:12)
    at require (node:internal/modules/helpers:141:16)
    at Object.<anonymous> (/home/gs/Documents/projects/social-media/backend/src/rest-resources/routes/api/v1/auth.route.js:2:1)
    at Module._compile (node:internal/modules/cjs/loader:1546:14)
    at Module._compile (/home/gs/Documents/projects/social-media/backend/node_modules/pirates/lib/index.js:117:24)
    at node:internal/modules/cjs/loader:1689:10
    at Object.newLoader [as .js] (/home/gs/Documents/projects/social-media/backend/node_modules/pirates/lib/index.js:121:7)
    at Module.load (node:internal/modules/cjs/loader:1318:32)
    at Function._load (node:internal/modules/cjs/loader:1128:12)
    at TracingChannel.traceSync (node:diagnostics_channel:315:14)
    at wrapModuleLoad (node:internal/modules/cjs/loader:218:24)
    at Module.require (node:internal/modules/cjs/loader:1340:12)
    at require (node:internal/modules/helpers:141:16)
    at Object.<anonymous> (/home/gs/Documents/projects/social-media/backend/src/rest-resources/routes/api/v1/index.js:3:1)
    at Module._compile (node:internal/modules/cjs/loader:1546:14)
    at Module._compile (/home/gs/Documents/projects/social-media/backend/node_modules/pirates/lib/index.js:117:24)
    at node:internal/modules/cjs/loader:1689:10
    at Object.newLoader [as .js] (/home/gs/Documents/projects/social-media/backend/node_modules/pirates/lib/index.js:121:7)
    at Module.load (node:internal/modules/cjs/loader:1318:32)
    at Function._load (node:internal/modules/cjs/loader:1128:12)
    at TracingChannel.traceSync (node:diagnostics_channel:315:14)
    at wrapModuleLoad (node:internal/modules/cjs/loader:218:24)
    at Module.require (node:internal/modules/cjs/loader:1340:12)
    at require (node:internal/modules/helpers:141:16)
    at Object.<anonymous> (/home/gs/Documents/projects/social-media/backend/src/rest-resources/routes/api/index.js:2:1)
    at Module._compile (node:internal/modules/cjs/loader:1546:14)
    at Module._compile (/home/gs/Documents/projects/social-media/backend/node_modules/pirates/lib/index.js:117:24)
    at node:internal/modules/cjs/loader:1689:10
    at Object.newLoader [as .js] (/home/gs/Documents/projects/social-media/backend/node_modules/pirates/lib/index.js:121:7)
    at Module.load (node:internal/modules/cjs/loader:1318:32)
    at Function._load (node:internal/modules/cjs/loader:1128:12)
    at TracingChannel.traceSync (node:diagnostics_channel:315:14)
    at wrapModuleLoad (node:internal/modules/cjs/loader:218:24)
    at Module.require (node:internal/modules/cjs/loader:1340:12)
    at require (node:internal/modules/helpers:141:16)
[PID 17181] [2025-03-03T11:17:21.816Z] Backoffice-API [31mERROR[39m: uncaughtException: Cannot find module '../../helpers/'
Require stack:
- /home/gs/Documents/projects/social-media/backend/src/rest-resources/controllers/auth.controller.js
- /home/gs/Documents/projects/social-media/backend/src/rest-resources/routes/api/v1/auth.route.js
- /home/gs/Documents/projects/social-media/backend/src/rest-resources/routes/api/v1/index.js
- /home/gs/Documents/projects/social-media/backend/src/rest-resources/routes/api/index.js
- /home/gs/Documents/projects/social-media/backend/src/rest-resources/routes/index.js
- /home/gs/Documents/projects/social-media/backend/src/rest-resources/index.js
- /home/gs/Documents/projects/social-media/backend/index.js
Error: Cannot find module '../../helpers/'
Require stack:
- /home/gs/Documents/projects/social-media/backend/src/rest-resources/controllers/auth.controller.js
- /home/gs/Documents/projects/social-media/backend/src/rest-resources/routes/api/v1/auth.route.js
- /home/gs/Documents/projects/social-media/backend/src/rest-resources/routes/api/v1/index.js
- /home/gs/Documents/projects/social-media/backend/src/rest-resources/routes/api/index.js
- /home/gs/Documents/projects/social-media/backend/src/rest-resources/routes/index.js
- /home/gs/Documents/projects/social-media/backend/src/rest-resources/index.js
- /home/gs/Documents/projects/social-media/backend/index.js
    at Function._resolveFilename (node:internal/modules/cjs/loader:1249:15)
    at Function._load (node:internal/modules/cjs/loader:1075:27)
    at TracingChannel.traceSync (node:diagnostics_channel:315:14)
    at wrapModuleLoad (node:internal/modules/cjs/loader:218:24)
    at Module.require (node:internal/modules/cjs/loader:1340:12)
    at require (node:internal/modules/helpers:141:16)
    at Object.<anonymous> (/home/gs/Documents/projects/social-media/backend/src/rest-resources/controllers/auth.controller.js:1:1)
    at Module._compile (node:internal/modules/cjs/loader:1546:14)
    at Module._compile (/home/gs/Documents/projects/social-media/backend/node_modules/pirates/lib/index.js:117:24)
    at node:internal/modules/cjs/loader:1689:10
    at Object.newLoader [as .js] (/home/gs/Documents/projects/social-media/backend/node_modules/pirates/lib/index.js:121:7)
    at Module.load (node:internal/modules/cjs/loader:1318:32)
    at Function._load (node:internal/modules/cjs/loader:1128:12)
    at TracingChannel.traceSync (node:diagnostics_channel:315:14)
    at wrapModuleLoad (node:internal/modules/cjs/loader:218:24)
    at Module.require (node:internal/modules/cjs/loader:1340:12)
    at require (node:internal/modules/helpers:141:16)
    at Object.<anonymous> (/home/gs/Documents/projects/social-media/backend/src/rest-resources/routes/api/v1/auth.route.js:2:1)
    at Module._compile (node:internal/modules/cjs/loader:1546:14)
    at Module._compile (/home/gs/Documents/projects/social-media/backend/node_modules/pirates/lib/index.js:117:24)
    at node:internal/modules/cjs/loader:1689:10
    at Object.newLoader [as .js] (/home/gs/Documents/projects/social-media/backend/node_modules/pirates/lib/index.js:121:7)
    at Module.load (node:internal/modules/cjs/loader:1318:32)
    at Function._load (node:internal/modules/cjs/loader:1128:12)
    at TracingChannel.traceSync (node:diagnostics_channel:315:14)
    at wrapModuleLoad (node:internal/modules/cjs/loader:218:24)
    at Module.require (node:internal/modules/cjs/loader:1340:12)
    at require (node:internal/modules/helpers:141:16)
    at Object.<anonymous> (/home/gs/Documents/projects/social-media/backend/src/rest-resources/routes/api/v1/index.js:3:1)
    at Module._compile (node:internal/modules/cjs/loader:1546:14)
    at Module._compile (/home/gs/Documents/projects/social-media/backend/node_modules/pirates/lib/index.js:117:24)
    at node:internal/modules/cjs/loader:1689:10
    at Object.newLoader [as .js] (/home/gs/Documents/projects/social-media/backend/node_modules/pirates/lib/index.js:121:7)
    at Module.load (node:internal/modules/cjs/loader:1318:32)
    at Function._load (node:internal/modules/cjs/loader:1128:12)
    at TracingChannel.traceSync (node:diagnostics_channel:315:14)
    at wrapModuleLoad (node:internal/modules/cjs/loader:218:24)
    at Module.require (node:internal/modules/cjs/loader:1340:12)
    at require (node:internal/modules/helpers:141:16)
    at Object.<anonymous> (/home/gs/Documents/projects/social-media/backend/src/rest-resources/routes/api/index.js:2:1)
    at Module._compile (node:internal/modules/cjs/loader:1546:14)
    at Module._compile (/home/gs/Documents/projects/social-media/backend/node_modules/pirates/lib/index.js:117:24)
    at node:internal/modules/cjs/loader:1689:10
    at Object.newLoader [as .js] (/home/gs/Documents/projects/social-media/backend/node_modules/pirates/lib/index.js:121:7)
    at Module.load (node:internal/modules/cjs/loader:1318:32)
    at Function._load (node:internal/modules/cjs/loader:1128:12)
    at TracingChannel.traceSync (node:diagnostics_channel:315:14)
    at wrapModuleLoad (node:internal/modules/cjs/loader:218:24)
    at Module.require (node:internal/modules/cjs/loader:1340:12)
    at require (node:internal/modules/helpers:141:16)
[PID 17322] [2025-03-03T11:17:34.144Z] Backoffice-API [31mERROR[39m: TypeError in /api/v1/user/create Message: (0 , _.sendResponse) is not a function context: {
  traceId: 'GxZ56UYzhfCbXi1V5b01u',
  query: {},
  params: {},
  body: {
    name: 'rohit Prajapati',
    email: 'rp6568589@gmail.com',
    password: 'action@1234',
    age: 34,
    city: 'indore',
    eligible: true,
    dob: '2015-12-12',
    mobile: '1212121212',
    gender: 'female',
    private_account: true
  }
} 
[PID 435554] [2025-03-04T10:10:28.806Z] Backoffice-API [31mERROR[39m: TypeError in /api/v1/user/create Message: (0 , _.sendResponse) is not a function context: {
  traceId: 'LHkizZmVmEfLBV_8XrZJ1',
  query: {},
  params: {},
  body: {
    name: 'rohit Prajapati',
    email: 'rp6568589@gmail.com',
    password: 'action@1234',
    age: 34,
    city: 'indore',
    eligible: true,
    dob: '2015-12-12',
    mobile: '1212121212',
    gender: 'female',
    private_account: true
  }
} 
[PID 436656] [2025-03-04T10:10:54.963Z] Backoffice-API [31mERROR[39m: uncaughtException: Cannot find module '../../'
Require stack:
- /home/gs/Documents/projects/social-media/backend/src/rest-resources/controllers/user.controller.js
- /home/gs/Documents/projects/social-media/backend/src/rest-resources/routes/api/v1/user.route.js
- /home/gs/Documents/projects/social-media/backend/src/rest-resources/routes/api/v1/index.js
- /home/gs/Documents/projects/social-media/backend/src/rest-resources/routes/api/index.js
- /home/gs/Documents/projects/social-media/backend/src/rest-resources/routes/index.js
- /home/gs/Documents/projects/social-media/backend/src/rest-resources/index.js
- /home/gs/Documents/projects/social-media/backend/index.js
Error: Cannot find module '../../'
Require stack:
- /home/gs/Documents/projects/social-media/backend/src/rest-resources/controllers/user.controller.js
- /home/gs/Documents/projects/social-media/backend/src/rest-resources/routes/api/v1/user.route.js
- /home/gs/Documents/projects/social-media/backend/src/rest-resources/routes/api/v1/index.js
- /home/gs/Documents/projects/social-media/backend/src/rest-resources/routes/api/index.js
- /home/gs/Documents/projects/social-media/backend/src/rest-resources/routes/index.js
- /home/gs/Documents/projects/social-media/backend/src/rest-resources/index.js
- /home/gs/Documents/projects/social-media/backend/index.js
    at Function._resolveFilename (node:internal/modules/cjs/loader:1249:15)
    at Function._load (node:internal/modules/cjs/loader:1075:27)
    at TracingChannel.traceSync (node:diagnostics_channel:315:14)
    at wrapModuleLoad (node:internal/modules/cjs/loader:218:24)
    at Module.require (node:internal/modules/cjs/loader:1340:12)
    at require (node:internal/modules/helpers:141:16)
    at Object.<anonymous> (/home/gs/Documents/projects/social-media/backend/src/rest-resources/controllers/user.controller.js:1:1)
    at Module._compile (node:internal/modules/cjs/loader:1546:14)
    at Module._compile (/home/gs/Documents/projects/social-media/backend/node_modules/pirates/lib/index.js:117:24)
    at node:internal/modules/cjs/loader:1689:10
    at Object.newLoader [as .js] (/home/gs/Documents/projects/social-media/backend/node_modules/pirates/lib/index.js:121:7)
    at Module.load (node:internal/modules/cjs/loader:1318:32)
    at Function._load (node:internal/modules/cjs/loader:1128:12)
    at TracingChannel.traceSync (node:diagnostics_channel:315:14)
    at wrapModuleLoad (node:internal/modules/cjs/loader:218:24)
    at Module.require (node:internal/modules/cjs/loader:1340:12)
    at require (node:internal/modules/helpers:141:16)
    at Object.<anonymous> (/home/gs/Documents/projects/social-media/backend/src/rest-resources/routes/api/v1/user.route.js:2:1)
    at Module._compile (node:internal/modules/cjs/loader:1546:14)
    at Module._compile (/home/gs/Documents/projects/social-media/backend/node_modules/pirates/lib/index.js:117:24)
    at node:internal/modules/cjs/loader:1689:10
    at Object.newLoader [as .js] (/home/gs/Documents/projects/social-media/backend/node_modules/pirates/lib/index.js:121:7)
    at Module.load (node:internal/modules/cjs/loader:1318:32)
    at Function._load (node:internal/modules/cjs/loader:1128:12)
    at TracingChannel.traceSync (node:diagnostics_channel:315:14)
    at wrapModuleLoad (node:internal/modules/cjs/loader:218:24)
    at Module.require (node:internal/modules/cjs/loader:1340:12)
    at require (node:internal/modules/helpers:141:16)
    at Object.<anonymous> (/home/gs/Documents/projects/social-media/backend/src/rest-resources/routes/api/v1/index.js:2:1)
    at Module._compile (node:internal/modules/cjs/loader:1546:14)
    at Module._compile (/home/gs/Documents/projects/social-media/backend/node_modules/pirates/lib/index.js:117:24)
    at node:internal/modules/cjs/loader:1689:10
    at Object.newLoader [as .js] (/home/gs/Documents/projects/social-media/backend/node_modules/pirates/lib/index.js:121:7)
    at Module.load (node:internal/modules/cjs/loader:1318:32)
    at Function._load (node:internal/modules/cjs/loader:1128:12)
    at TracingChannel.traceSync (node:diagnostics_channel:315:14)
    at wrapModuleLoad (node:internal/modules/cjs/loader:218:24)
    at Module.require (node:internal/modules/cjs/loader:1340:12)
    at require (node:internal/modules/helpers:141:16)
    at Object.<anonymous> (/home/gs/Documents/projects/social-media/backend/src/rest-resources/routes/api/index.js:2:1)
    at Module._compile (node:internal/modules/cjs/loader:1546:14)
    at Module._compile (/home/gs/Documents/projects/social-media/backend/node_modules/pirates/lib/index.js:117:24)
    at node:internal/modules/cjs/loader:1689:10
    at Object.newLoader [as .js] (/home/gs/Documents/projects/social-media/backend/node_modules/pirates/lib/index.js:121:7)
    at Module.load (node:internal/modules/cjs/loader:1318:32)
    at Function._load (node:internal/modules/cjs/loader:1128:12)
    at TracingChannel.traceSync (node:diagnostics_channel:315:14)
    at wrapModuleLoad (node:internal/modules/cjs/loader:218:24)
    at Module.require (node:internal/modules/cjs/loader:1340:12)
    at require (node:internal/modules/helpers:141:16)
[PID 436697] [2025-03-04T10:10:57.225Z] Backoffice-API [31mERROR[39m: uncaughtException: Cannot find module '../../helpers/'
Require stack:
- /home/gs/Documents/projects/social-media/backend/src/rest-resources/controllers/user.controller.js
- /home/gs/Documents/projects/social-media/backend/src/rest-resources/routes/api/v1/user.route.js
- /home/gs/Documents/projects/social-media/backend/src/rest-resources/routes/api/v1/index.js
- /home/gs/Documents/projects/social-media/backend/src/rest-resources/routes/api/index.js
- /home/gs/Documents/projects/social-media/backend/src/rest-resources/routes/index.js
- /home/gs/Documents/projects/social-media/backend/src/rest-resources/index.js
- /home/gs/Documents/projects/social-media/backend/index.js
Error: Cannot find module '../../helpers/'
Require stack:
- /home/gs/Documents/projects/social-media/backend/src/rest-resources/controllers/user.controller.js
- /home/gs/Documents/projects/social-media/backend/src/rest-resources/routes/api/v1/user.route.js
- /home/gs/Documents/projects/social-media/backend/src/rest-resources/routes/api/v1/index.js
- /home/gs/Documents/projects/social-media/backend/src/rest-resources/routes/api/index.js
- /home/gs/Documents/projects/social-media/backend/src/rest-resources/routes/index.js
- /home/gs/Documents/projects/social-media/backend/src/rest-resources/index.js
- /home/gs/Documents/projects/social-media/backend/index.js
    at Function._resolveFilename (node:internal/modules/cjs/loader:1249:15)
    at Function._load (node:internal/modules/cjs/loader:1075:27)
    at TracingChannel.traceSync (node:diagnostics_channel:315:14)
    at wrapModuleLoad (node:internal/modules/cjs/loader:218:24)
    at Module.require (node:internal/modules/cjs/loader:1340:12)
    at require (node:internal/modules/helpers:141:16)
    at Object.<anonymous> (/home/gs/Documents/projects/social-media/backend/src/rest-resources/controllers/user.controller.js:1:1)
    at Module._compile (node:internal/modules/cjs/loader:1546:14)
    at Module._compile (/home/gs/Documents/projects/social-media/backend/node_modules/pirates/lib/index.js:117:24)
    at node:internal/modules/cjs/loader:1689:10
    at Object.newLoader [as .js] (/home/gs/Documents/projects/social-media/backend/node_modules/pirates/lib/index.js:121:7)
    at Module.load (node:internal/modules/cjs/loader:1318:32)
    at Function._load (node:internal/modules/cjs/loader:1128:12)
    at TracingChannel.traceSync (node:diagnostics_channel:315:14)
    at wrapModuleLoad (node:internal/modules/cjs/loader:218:24)
    at Module.require (node:internal/modules/cjs/loader:1340:12)
    at require (node:internal/modules/helpers:141:16)
    at Object.<anonymous> (/home/gs/Documents/projects/social-media/backend/src/rest-resources/routes/api/v1/user.route.js:2:1)
    at Module._compile (node:internal/modules/cjs/loader:1546:14)
    at Module._compile (/home/gs/Documents/projects/social-media/backend/node_modules/pirates/lib/index.js:117:24)
    at node:internal/modules/cjs/loader:1689:10
    at Object.newLoader [as .js] (/home/gs/Documents/projects/social-media/backend/node_modules/pirates/lib/index.js:121:7)
    at Module.load (node:internal/modules/cjs/loader:1318:32)
    at Function._load (node:internal/modules/cjs/loader:1128:12)
    at TracingChannel.traceSync (node:diagnostics_channel:315:14)
    at wrapModuleLoad (node:internal/modules/cjs/loader:218:24)
    at Module.require (node:internal/modules/cjs/loader:1340:12)
    at require (node:internal/modules/helpers:141:16)
    at Object.<anonymous> (/home/gs/Documents/projects/social-media/backend/src/rest-resources/routes/api/v1/index.js:2:1)
    at Module._compile (node:internal/modules/cjs/loader:1546:14)
    at Module._compile (/home/gs/Documents/projects/social-media/backend/node_modules/pirates/lib/index.js:117:24)
    at node:internal/modules/cjs/loader:1689:10
    at Object.newLoader [as .js] (/home/gs/Documents/projects/social-media/backend/node_modules/pirates/lib/index.js:121:7)
    at Module.load (node:internal/modules/cjs/loader:1318:32)
    at Function._load (node:internal/modules/cjs/loader:1128:12)
    at TracingChannel.traceSync (node:diagnostics_channel:315:14)
    at wrapModuleLoad (node:internal/modules/cjs/loader:218:24)
    at Module.require (node:internal/modules/cjs/loader:1340:12)
    at require (node:internal/modules/helpers:141:16)
    at Object.<anonymous> (/home/gs/Documents/projects/social-media/backend/src/rest-resources/routes/api/index.js:2:1)
    at Module._compile (node:internal/modules/cjs/loader:1546:14)
    at Module._compile (/home/gs/Documents/projects/social-media/backend/node_modules/pirates/lib/index.js:117:24)
    at node:internal/modules/cjs/loader:1689:10
    at Object.newLoader [as .js] (/home/gs/Documents/projects/social-media/backend/node_modules/pirates/lib/index.js:121:7)
    at Module.load (node:internal/modules/cjs/loader:1318:32)
    at Function._load (node:internal/modules/cjs/loader:1128:12)
    at TracingChannel.traceSync (node:diagnostics_channel:315:14)
    at wrapModuleLoad (node:internal/modules/cjs/loader:218:24)
    at Module.require (node:internal/modules/cjs/loader:1340:12)
    at require (node:internal/modules/helpers:141:16)
